{"/home/etec/juan/Proyecto-Heladeria-Papus/src/App.jsx": {"path":"/home/etec/juan/Proyecto-Heladeria-Papus/src/App.jsx","statementMap":{"0":{"start":{"line":27,"column":2},"end":{"line":119,"column":4}}},"fnMap":{"0":{"name":"App","decl":{"start":{"line":26,"column":9},"end":{"line":26,"column":12}},"loc":{"start":{"line":26,"column":15},"end":{"line":120,"column":1}},"line":26}},"branchMap":{},"s":{"0":0},"f":{"0":0},"b":{}}
,"/home/etec/juan/Proyecto-Heladeria-Papus/src/components/BuscarSabores.jsx": {"path":"/home/etec/juan/Proyecto-Heladeria-Papus/src/components/BuscarSabores.jsx","statementMap":{"0":{"start":{"line":5,"column":42},"end":{"line":5,"column":59}},"1":{"start":{"line":6,"column":38},"end":{"line":6,"column":50}},"2":{"start":{"line":7,"column":38},"end":{"line":9,"column":3}},"3":{"start":{"line":11,"column":2},"end":{"line":20,"column":21}},"4":{"start":{"line":12,"column":19},"end":{"line":12,"column":51}},"5":{"start":{"line":13,"column":4},"end":{"line":19,"column":5}},"6":{"start":{"line":14,"column":6},"end":{"line":16,"column":29}},"7":{"start":{"line":15,"column":23},"end":{"line":15,"column":33}},"8":{"start":{"line":18,"column":6},"end":{"line":18,"column":24}},"9":{"start":{"line":22,"column":24},"end":{"line":26,"column":3}},"10":{"start":{"line":23,"column":4},"end":{"line":25,"column":5}},"11":{"start":{"line":24,"column":6},"end":{"line":24,"column":46}},"12":{"start":{"line":28,"column":2},"end":{"line":47,"column":4}},"13":{"start":{"line":33,"column":25},"end":{"line":33,"column":54}},"14":{"start":{"line":42,"column":12},"end":{"line":42,"column":66}}},"fnMap":{"0":{"name":"BuscarSabores","decl":{"start":{"line":4,"column":9},"end":{"line":4,"column":22}},"loc":{"start":{"line":4,"column":25},"end":{"line":48,"column":1}},"line":4},"1":{"name":"(anonymous_1)","decl":{"start":{"line":11,"column":12},"end":{"line":11,"column":13}},"loc":{"start":{"line":11,"column":18},"end":{"line":20,"column":3}},"line":11},"2":{"name":"(anonymous_2)","decl":{"start":{"line":15,"column":14},"end":{"line":15,"column":15}},"loc":{"start":{"line":15,"column":23},"end":{"line":15,"column":33}},"line":15},"3":{"name":"(anonymous_3)","decl":{"start":{"line":22,"column":24},"end":{"line":22,"column":25}},"loc":{"start":{"line":22,"column":31},"end":{"line":26,"column":3}},"line":22},"4":{"name":"(anonymous_4)","decl":{"start":{"line":33,"column":18},"end":{"line":33,"column":19}},"loc":{"start":{"line":33,"column":25},"end":{"line":33,"column":54}},"line":33},"5":{"name":"(anonymous_5)","decl":{"start":{"line":41,"column":25},"end":{"line":41,"column":26}},"loc":{"start":{"line":42,"column":12},"end":{"line":42,"column":66}},"line":42}},"branchMap":{"0":{"loc":{"start":{"line":8,"column":4},"end":{"line":8,"column":36}},"type":"binary-expr","locations":[{"start":{"line":8,"column":4},"end":{"line":8,"column":30}},{"start":{"line":8,"column":34},"end":{"line":8,"column":36}}],"line":8},"1":{"loc":{"start":{"line":12,"column":19},"end":{"line":12,"column":51}},"type":"binary-expr","locations":[{"start":{"line":12,"column":19},"end":{"line":12,"column":45}},{"start":{"line":12,"column":49},"end":{"line":12,"column":51}}],"line":12},"2":{"loc":{"start":{"line":13,"column":4},"end":{"line":19,"column":5}},"type":"if","locations":[{"start":{"line":13,"column":4},"end":{"line":19,"column":5}},{"start":{"line":17,"column":11},"end":{"line":19,"column":5}}],"line":13},"3":{"loc":{"start":{"line":23,"column":4},"end":{"line":25,"column":5}},"type":"if","locations":[{"start":{"line":23,"column":4},"end":{"line":25,"column":5}},{"start":{},"end":{}}],"line":23},"4":{"loc":{"start":{"line":38,"column":9},"end":{"line":44,"column":9}},"type":"cond-expr","locations":[{"start":{"line":39,"column":10},"end":{"line":39,"column":45}},{"start":{"line":41,"column":10},"end":{"line":43,"column":12}}],"line":38}},"s":{"0":0,"1":0,"2":0,"3":0,"4":0,"5":0,"6":0,"7":0,"8":0,"9":0,"10":0,"11":0,"12":0,"13":0,"14":0},"f":{"0":0,"1":0,"2":0,"3":0,"4":0,"5":0},"b":{"0":[0,0],"1":[0,0],"2":[0,0],"3":[0,0],"4":[0,0]}}
,"/home/etec/juan/Proyecto-Heladeria-Papus/src/components/Auth/Auth.jsx": {"path":"/home/etec/juan/Proyecto-Heladeria-Papus/src/components/Auth/Auth.jsx","statementMap":{"0":{"start":{"line":4,"column":0},"end":{"line":4,"column":38}},"1":{"start":{"line":6,"column":16},"end":{"line":6,"column":39}},"2":{"start":{"line":8,"column":27},"end":{"line":8,"column":42}},"3":{"start":{"line":10,"column":28},"end":{"line":72,"column":1}},"4":{"start":{"line":11,"column":26},"end":{"line":11,"column":40}},"5":{"start":{"line":14,"column":2},"end":{"line":19,"column":9}},"6":{"start":{"line":15,"column":4},"end":{"line":18,"column":34}},"7":{"start":{"line":17,"column":21},"end":{"line":17,"column":72}},"8":{"start":{"line":18,"column":19},"end":{"line":18,"column":32}},"9":{"start":{"line":21,"column":16},"end":{"line":43,"column":3}},"10":{"start":{"line":22,"column":4},"end":{"line":42,"column":5}},"11":{"start":{"line":23,"column":18},"end":{"line":28,"column":8}},"12":{"start":{"line":30,"column":6},"end":{"line":38,"column":7}},"13":{"start":{"line":31,"column":21},"end":{"line":31,"column":37}},"14":{"start":{"line":32,"column":25},"end":{"line":32,"column":46}},"15":{"start":{"line":33,"column":8},"end":{"line":33,"column":26}},"16":{"start":{"line":34,"column":8},"end":{"line":34,"column":63}},"17":{"start":{"line":35,"column":8},"end":{"line":35,"column":20}},"18":{"start":{"line":37,"column":8},"end":{"line":37,"column":21}},"19":{"start":{"line":40,"column":6},"end":{"line":40,"column":44}},"20":{"start":{"line":41,"column":6},"end":{"line":41,"column":19}},"21":{"start":{"line":45,"column":17},"end":{"line":48,"column":3}},"22":{"start":{"line":46,"column":4},"end":{"line":46,"column":77}},"23":{"start":{"line":47,"column":4},"end":{"line":47,"column":18}},"24":{"start":{"line":50,"column":19},"end":{"line":65,"column":3}},"25":{"start":{"line":51,"column":4},"end":{"line":64,"column":5}},"26":{"start":{"line":52,"column":18},"end":{"line":59,"column":7}},"27":{"start":{"line":60,"column":6},"end":{"line":60,"column":32}},"28":{"start":{"line":62,"column":6},"end":{"line":62,"column":69}},"29":{"start":{"line":63,"column":6},"end":{"line":63,"column":19}},"30":{"start":{"line":67,"column":2},"end":{"line":71,"column":4}}},"fnMap":{"0":{"name":"(anonymous_0)","decl":{"start":{"line":10,"column":28},"end":{"line":10,"column":29}},"loc":{"start":{"line":10,"column":46},"end":{"line":72,"column":1}},"line":10},"1":{"name":"(anonymous_1)","decl":{"start":{"line":14,"column":12},"end":{"line":14,"column":13}},"loc":{"start":{"line":14,"column":18},"end":{"line":19,"column":3}},"line":14},"2":{"name":"(anonymous_2)","decl":{"start":{"line":17,"column":12},"end":{"line":17,"column":13}},"loc":{"start":{"line":17,"column":21},"end":{"line":17,"column":72}},"line":17},"3":{"name":"(anonymous_3)","decl":{"start":{"line":18,"column":13},"end":{"line":18,"column":14}},"loc":{"start":{"line":18,"column":19},"end":{"line":18,"column":32}},"line":18},"4":{"name":"(anonymous_4)","decl":{"start":{"line":21,"column":16},"end":{"line":21,"column":17}},"loc":{"start":{"line":21,"column":44},"end":{"line":43,"column":3}},"line":21},"5":{"name":"(anonymous_5)","decl":{"start":{"line":45,"column":17},"end":{"line":45,"column":18}},"loc":{"start":{"line":45,"column":29},"end":{"line":48,"column":3}},"line":45},"6":{"name":"(anonymous_6)","decl":{"start":{"line":50,"column":19},"end":{"line":50,"column":20}},"loc":{"start":{"line":50,"column":54},"end":{"line":65,"column":3}},"line":50}},"branchMap":{"0":{"loc":{"start":{"line":30,"column":6},"end":{"line":38,"column":7}},"type":"if","locations":[{"start":{"line":30,"column":6},"end":{"line":38,"column":7}},{"start":{"line":36,"column":13},"end":{"line":38,"column":7}}],"line":30},"1":{"loc":{"start":{"line":62,"column":34},"end":{"line":62,"column":67}},"type":"binary-expr","locations":[{"start":{"line":62,"column":34},"end":{"line":62,"column":52}},{"start":{"line":62,"column":56},"end":{"line":62,"column":67}}],"line":62}},"s":{"0":0,"1":0,"2":0,"3":0,"4":0,"5":0,"6":0,"7":0,"8":0,"9":0,"10":0,"11":0,"12":0,"13":0,"14":0,"15":0,"16":0,"17":0,"18":0,"19":0,"20":0,"21":0,"22":0,"23":0,"24":0,"25":0,"26":0,"27":0,"28":0,"29":0,"30":0},"f":{"0":0,"1":0,"2":0,"3":0,"4":0,"5":0,"6":0},"b":{"0":[0,0],"1":[0,0]}}
,"/home/etec/juan/Proyecto-Heladeria-Papus/src/components/ComentariosProducto/ComentariosProducto.jsx": {"path":"/home/etec/juan/Proyecto-Heladeria-Papus/src/components/ComentariosProducto/ComentariosProducto.jsx","statementMap":{"0":{"start":{"line":5,"column":28},"end":{"line":136,"column":1}},"1":{"start":{"line":6,"column":40},"end":{"line":6,"column":52}},"2":{"start":{"line":7,"column":48},"end":{"line":7,"column":60}},"3":{"start":{"line":8,"column":32},"end":{"line":8,"column":46}},"4":{"start":{"line":9,"column":40},"end":{"line":9,"column":54}},"5":{"start":{"line":12,"column":2},"end":{"line":37,"column":9}},"6":{"start":{"line":13,"column":22},"end":{"line":34,"column":5}},"7":{"start":{"line":14,"column":6},"end":{"line":33,"column":7}},"8":{"start":{"line":15,"column":20},"end":{"line":17,"column":10}},"9":{"start":{"line":19,"column":8},"end":{"line":28,"column":9}},"10":{"start":{"line":20,"column":23},"end":{"line":20,"column":39}},"11":{"start":{"line":22,"column":12},"end":{"line":24,"column":54}},"12":{"start":{"line":25,"column":10},"end":{"line":25,"column":37}},"13":{"start":{"line":27,"column":10},"end":{"line":27,"column":27}},"14":{"start":{"line":30,"column":8},"end":{"line":30,"column":25}},"15":{"start":{"line":32,"column":8},"end":{"line":32,"column":30}},"16":{"start":{"line":36,"column":4},"end":{"line":36,"column":16}},"17":{"start":{"line":40,"column":2},"end":{"line":56,"column":19}},"18":{"start":{"line":41,"column":30},"end":{"line":53,"column":5}},"19":{"start":{"line":42,"column":6},"end":{"line":52,"column":7}},"20":{"start":{"line":43,"column":20},"end":{"line":43,"column":65}},"21":{"start":{"line":44,"column":8},"end":{"line":49,"column":9}},"22":{"start":{"line":45,"column":23},"end":{"line":45,"column":39}},"23":{"start":{"line":46,"column":10},"end":{"line":46,"column":31}},"24":{"start":{"line":48,"column":10},"end":{"line":48,"column":29}},"25":{"start":{"line":51,"column":8},"end":{"line":51,"column":27}},"26":{"start":{"line":55,"column":4},"end":{"line":55,"column":40}},"27":{"start":{"line":55,"column":20},"end":{"line":55,"column":40}},"28":{"start":{"line":58,"column":27},"end":{"line":87,"column":3}},"29":{"start":{"line":59,"column":4},"end":{"line":59,"column":40}},"30":{"start":{"line":59,"column":33},"end":{"line":59,"column":40}},"31":{"start":{"line":61,"column":4},"end":{"line":86,"column":5}},"32":{"start":{"line":62,"column":18},"end":{"line":67,"column":8}},"33":{"start":{"line":69,"column":19},"end":{"line":69,"column":35}},"34":{"start":{"line":71,"column":6},"end":{"line":83,"column":7}},"35":{"start":{"line":72,"column":8},"end":{"line":79,"column":11}},"36":{"start":{"line":72,"column":33},"end":{"line":79,"column":9}},"37":{"start":{"line":80,"column":8},"end":{"line":80,"column":31}},"38":{"start":{"line":81,"column":13},"end":{"line":83,"column":7}},"39":{"start":{"line":82,"column":8},"end":{"line":82,"column":57}},"40":{"start":{"line":85,"column":6},"end":{"line":85,"column":56}},"41":{"start":{"line":89,"column":2},"end":{"line":135,"column":4}},"42":{"start":{"line":102,"column":16},"end":{"line":108,"column":22}},"43":{"start":{"line":121,"column":31},"end":{"line":121,"column":65}}},"fnMap":{"0":{"name":"(anonymous_0)","decl":{"start":{"line":5,"column":28},"end":{"line":5,"column":29}},"loc":{"start":{"line":5,"column":48},"end":{"line":136,"column":1}},"line":5},"1":{"name":"(anonymous_1)","decl":{"start":{"line":12,"column":12},"end":{"line":12,"column":13}},"loc":{"start":{"line":12,"column":18},"end":{"line":37,"column":3}},"line":12},"2":{"name":"(anonymous_2)","decl":{"start":{"line":13,"column":22},"end":{"line":13,"column":23}},"loc":{"start":{"line":13,"column":34},"end":{"line":34,"column":5}},"line":13},"3":{"name":"(anonymous_3)","decl":{"start":{"line":40,"column":12},"end":{"line":40,"column":13}},"loc":{"start":{"line":40,"column":18},"end":{"line":56,"column":3}},"line":40},"4":{"name":"(anonymous_4)","decl":{"start":{"line":41,"column":30},"end":{"line":41,"column":31}},"loc":{"start":{"line":41,"column":42},"end":{"line":53,"column":5}},"line":41},"5":{"name":"(anonymous_5)","decl":{"start":{"line":58,"column":27},"end":{"line":58,"column":28}},"loc":{"start":{"line":58,"column":39},"end":{"line":87,"column":3}},"line":58},"6":{"name":"(anonymous_6)","decl":{"start":{"line":72,"column":23},"end":{"line":72,"column":24}},"loc":{"start":{"line":72,"column":33},"end":{"line":79,"column":9}},"line":72},"7":{"name":"(anonymous_7)","decl":{"start":{"line":101,"column":30},"end":{"line":101,"column":31}},"loc":{"start":{"line":102,"column":16},"end":{"line":108,"column":22}},"line":102},"8":{"name":"(anonymous_8)","decl":{"start":{"line":121,"column":24},"end":{"line":121,"column":25}},"loc":{"start":{"line":121,"column":31},"end":{"line":121,"column":65}},"line":121}},"branchMap":{"0":{"loc":{"start":{"line":19,"column":8},"end":{"line":28,"column":9}},"type":"if","locations":[{"start":{"line":19,"column":8},"end":{"line":28,"column":9}},{"start":{"line":26,"column":15},"end":{"line":28,"column":9}}],"line":19},"1":{"loc":{"start":{"line":22,"column":12},"end":{"line":24,"column":54}},"type":"binary-expr","locations":[{"start":{"line":22,"column":12},"end":{"line":24,"column":46}},{"start":{"line":24,"column":50},"end":{"line":24,"column":54}}],"line":22},"2":{"loc":{"start":{"line":44,"column":8},"end":{"line":49,"column":9}},"type":"if","locations":[{"start":{"line":44,"column":8},"end":{"line":49,"column":9}},{"start":{"line":47,"column":15},"end":{"line":49,"column":9}}],"line":44},"3":{"loc":{"start":{"line":55,"column":4},"end":{"line":55,"column":40}},"type":"if","locations":[{"start":{"line":55,"column":4},"end":{"line":55,"column":40}},{"start":{},"end":{}}],"line":55},"4":{"loc":{"start":{"line":59,"column":4},"end":{"line":59,"column":40}},"type":"if","locations":[{"start":{"line":59,"column":4},"end":{"line":59,"column":40}},{"start":{},"end":{}}],"line":59},"5":{"loc":{"start":{"line":71,"column":6},"end":{"line":83,"column":7}},"type":"if","locations":[{"start":{"line":71,"column":6},"end":{"line":83,"column":7}},{"start":{"line":81,"column":13},"end":{"line":83,"column":7}}],"line":71},"6":{"loc":{"start":{"line":71,"column":10},"end":{"line":71,"column":32}},"type":"binary-expr","locations":[{"start":{"line":71,"column":10},"end":{"line":71,"column":16}},{"start":{"line":71,"column":20},"end":{"line":71,"column":32}}],"line":71},"7":{"loc":{"start":{"line":81,"column":13},"end":{"line":83,"column":7}},"type":"if","locations":[{"start":{"line":81,"column":13},"end":{"line":83,"column":7}},{"start":{},"end":{}}],"line":81},"8":{"loc":{"start":{"line":93,"column":7},"end":{"line":133,"column":7}},"type":"cond-expr","locations":[{"start":{"line":94,"column":8},"end":{"line":94,"column":44}},{"start":{"line":96,"column":8},"end":{"line":132,"column":11}}],"line":93},"9":{"loc":{"start":{"line":98,"column":13},"end":{"line":110,"column":13}},"type":"cond-expr","locations":[{"start":{"line":99,"column":14},"end":{"line":99,"column":62}},{"start":{"line":101,"column":14},"end":{"line":109,"column":16}}],"line":98},"10":{"loc":{"start":{"line":116,"column":16},"end":{"line":118,"column":49}},"type":"cond-expr","locations":[{"start":{"line":117,"column":20},"end":{"line":117,"column":43}},{"start":{"line":118,"column":20},"end":{"line":118,"column":49}}],"line":116}},"s":{"0":1,"1":15,"2":15,"3":15,"4":15,"5":15,"6":6,"7":6,"8":6,"9":6,"10":0,"11":0,"12":0,"13":6,"14":0,"15":6,"16":6,"17":15,"18":7,"19":7,"20":7,"21":7,"22":0,"23":0,"24":7,"25":0,"26":7,"27":7,"28":15,"29":0,"30":0,"31":0,"32":0,"33":0,"34":0,"35":0,"36":0,"37":0,"38":0,"39":0,"40":0,"41":15,"42":0,"43":0},"f":{"0":15,"1":6,"2":6,"3":7,"4":7,"5":0,"6":0,"7":0,"8":0},"b":{"0":[0,6],"1":[0,0],"2":[0,7],"3":[7,0],"4":[0,0],"5":[0,0],"6":[0,0],"7":[0,0],"8":[6,9],"9":[9,0],"10":[0,9]},"_coverageSchema":"1a1c01bbd47fc00a2c39e90264f33305004495a9","hash":"2baa03947539e32705c6e96972a5491d2aa0a21d"}
,"/home/etec/juan/Proyecto-Heladeria-Papus/src/components/HazTuHelado/HazTuHelado.jsx": {"path":"/home/etec/juan/Proyecto-Heladeria-Papus/src/components/HazTuHelado/HazTuHelado.jsx","statementMap":{"0":{"start":{"line":5,"column":20},"end":{"line":497,"column":1}},"1":{"start":{"line":6,"column":32},"end":{"line":6,"column":44}},"2":{"start":{"line":7,"column":38},"end":{"line":7,"column":50}},"3":{"start":{"line":8,"column":38},"end":{"line":8,"column":50}},"4":{"start":{"line":9,"column":38},"end":{"line":9,"column":50}},"5":{"start":{"line":10,"column":30},"end":{"line":10,"column":42}},"6":{"start":{"line":11,"column":36},"end":{"line":11,"column":50}},"7":{"start":{"line":12,"column":28},"end":{"line":12,"column":40}},"8":{"start":{"line":14,"column":52},"end":{"line":14,"column":64}},"9":{"start":{"line":15,"column":48},"end":{"line":15,"column":60}},"10":{"start":{"line":16,"column":54},"end":{"line":16,"column":66}},"11":{"start":{"line":17,"column":52},"end":{"line":17,"column":64}},"12":{"start":{"line":18,"column":44},"end":{"line":18,"column":56}},"13":{"start":{"line":19,"column":32},"end":{"line":22,"column":4}},"14":{"start":{"line":20,"column":22},"end":{"line":20,"column":60}},"15":{"start":{"line":21,"column":4},"end":{"line":21,"column":50}},"16":{"start":{"line":23,"column":26},"end":{"line":23,"column":37}},"17":{"start":{"line":25,"column":2},"end":{"line":89,"column":9}},"18":{"start":{"line":26,"column":22},"end":{"line":86,"column":5}},"19":{"start":{"line":27,"column":6},"end":{"line":85,"column":7}},"20":{"start":{"line":28,"column":26},"end":{"line":34,"column":9}},"21":{"start":{"line":36,"column":26},"end":{"line":36,"column":79}},"22":{"start":{"line":36,"column":67},"end":{"line":36,"column":77}},"23":{"start":{"line":38,"column":8},"end":{"line":46,"column":11}},"24":{"start":{"line":39,"column":10},"end":{"line":45,"column":11}},"25":{"start":{"line":40,"column":12},"end":{"line":42,"column":14}},"26":{"start":{"line":44,"column":12},"end":{"line":44,"column":49}},"27":{"start":{"line":53,"column":12},"end":{"line":53,"column":65}},"28":{"start":{"line":53,"column":53},"end":{"line":53,"column":63}},"29":{"start":{"line":55,"column":8},"end":{"line":61,"column":11}},"30":{"start":{"line":63,"column":8},"end":{"line":71,"column":9}},"31":{"start":{"line":70,"column":10},"end":{"line":70,"column":79}},"32":{"start":{"line":73,"column":8},"end":{"line":73,"column":32}},"33":{"start":{"line":74,"column":8},"end":{"line":74,"column":38}},"34":{"start":{"line":75,"column":8},"end":{"line":75,"column":38}},"35":{"start":{"line":76,"column":8},"end":{"line":76,"column":38}},"36":{"start":{"line":77,"column":8},"end":{"line":77,"column":30}},"37":{"start":{"line":79,"column":8},"end":{"line":79,"column":21}},"38":{"start":{"line":81,"column":8},"end":{"line":81,"column":52}},"39":{"start":{"line":82,"column":8},"end":{"line":82,"column":72}},"40":{"start":{"line":84,"column":8},"end":{"line":84,"column":28}},"41":{"start":{"line":88,"column":4},"end":{"line":88,"column":16}},"42":{"start":{"line":92,"column":24},"end":{"line":100,"column":3}},"43":{"start":{"line":93,"column":15},"end":{"line":93,"column":46}},"44":{"start":{"line":94,"column":4},"end":{"line":94,"column":40}},"45":{"start":{"line":94,"column":31},"end":{"line":94,"column":40}},"46":{"start":{"line":95,"column":4},"end":{"line":95,"column":61}},"47":{"start":{"line":95,"column":52},"end":{"line":95,"column":61}},"48":{"start":{"line":96,"column":4},"end":{"line":96,"column":42}},"49":{"start":{"line":96,"column":33},"end":{"line":96,"column":42}},"50":{"start":{"line":97,"column":4},"end":{"line":97,"column":66}},"51":{"start":{"line":97,"column":57},"end":{"line":97,"column":66}},"52":{"start":{"line":98,"column":4},"end":{"line":98,"column":68}},"53":{"start":{"line":98,"column":59},"end":{"line":98,"column":68}},"54":{"start":{"line":99,"column":4},"end":{"line":99,"column":13}},"55":{"start":{"line":103,"column":26},"end":{"line":113,"column":3}},"56":{"start":{"line":104,"column":4},"end":{"line":112,"column":5}},"57":{"start":{"line":105,"column":6},"end":{"line":105,"column":31}},"58":{"start":{"line":106,"column":6},"end":{"line":106,"column":29}},"59":{"start":{"line":107,"column":6},"end":{"line":107,"column":32}},"60":{"start":{"line":109,"column":6},"end":{"line":109,"column":35}},"61":{"start":{"line":110,"column":6},"end":{"line":110,"column":29}},"62":{"start":{"line":111,"column":6},"end":{"line":111,"column":32}},"63":{"start":{"line":116,"column":22},"end":{"line":124,"column":3}},"64":{"start":{"line":117,"column":16},"end":{"line":117,"column":31}},"65":{"start":{"line":118,"column":18},"end":{"line":118,"column":68}},"66":{"start":{"line":119,"column":4},"end":{"line":123,"column":5}},"67":{"start":{"line":120,"column":6},"end":{"line":120,"column":70}},"68":{"start":{"line":120,"column":55},"end":{"line":120,"column":67}},"69":{"start":{"line":121,"column":11},"end":{"line":123,"column":5}},"70":{"start":{"line":122,"column":6},"end":{"line":122,"column":55}},"71":{"start":{"line":127,"column":25},"end":{"line":135,"column":3}},"72":{"start":{"line":128,"column":16},"end":{"line":128,"column":31}},"73":{"start":{"line":129,"column":18},"end":{"line":129,"column":68}},"74":{"start":{"line":130,"column":4},"end":{"line":134,"column":5}},"75":{"start":{"line":131,"column":6},"end":{"line":131,"column":76}},"76":{"start":{"line":131,"column":61},"end":{"line":131,"column":73}},"77":{"start":{"line":132,"column":11},"end":{"line":134,"column":5}},"78":{"start":{"line":133,"column":6},"end":{"line":133,"column":61}},"79":{"start":{"line":138,"column":26},"end":{"line":140,"column":3}},"80":{"start":{"line":139,"column":4},"end":{"line":139,"column":69}},"81":{"start":{"line":143,"column":22},"end":{"line":145,"column":3}},"82":{"start":{"line":144,"column":4},"end":{"line":144,"column":61}},"83":{"start":{"line":148,"column":2},"end":{"line":150,"column":16}},"84":{"start":{"line":149,"column":4},"end":{"line":149,"column":68}},"85":{"start":{"line":152,"column":26},"end":{"line":168,"column":3}},"86":{"start":{"line":153,"column":19},"end":{"line":160,"column":5}},"87":{"start":{"line":161,"column":4},"end":{"line":161,"column":44}},"88":{"start":{"line":161,"column":25},"end":{"line":161,"column":42}},"89":{"start":{"line":163,"column":4},"end":{"line":163,"column":29}},"90":{"start":{"line":164,"column":4},"end":{"line":164,"column":27}},"91":{"start":{"line":165,"column":4},"end":{"line":165,"column":30}},"92":{"start":{"line":166,"column":4},"end":{"line":166,"column":29}},"93":{"start":{"line":167,"column":4},"end":{"line":167,"column":25}},"94":{"start":{"line":170,"column":28},"end":{"line":172,"column":3}},"95":{"start":{"line":171,"column":4},"end":{"line":171,"column":58}},"96":{"start":{"line":171,"column":25},"end":{"line":171,"column":56}},"97":{"start":{"line":171,"column":44},"end":{"line":171,"column":55}},"98":{"start":{"line":174,"column":26},"end":{"line":176,"column":3}},"99":{"start":{"line":175,"column":4},"end":{"line":175,"column":15}},"100":{"start":{"line":178,"column":21},"end":{"line":185,"column":3}},"101":{"start":{"line":180,"column":4},"end":{"line":180,"column":49}},"102":{"start":{"line":180,"column":42},"end":{"line":180,"column":49}},"103":{"start":{"line":181,"column":4},"end":{"line":182,"column":13}},"104":{"start":{"line":182,"column":6},"end":{"line":182,"column":13}},"105":{"start":{"line":184,"column":4},"end":{"line":184,"column":39}},"106":{"start":{"line":184,"column":19},"end":{"line":184,"column":37}},"107":{"start":{"line":187,"column":21},"end":{"line":189,"column":3}},"108":{"start":{"line":188,"column":4},"end":{"line":188,"column":39}},"109":{"start":{"line":188,"column":19},"end":{"line":188,"column":37}},"110":{"start":{"line":191,"column":2},"end":{"line":197,"column":3}},"111":{"start":{"line":192,"column":4},"end":{"line":196,"column":6}},"112":{"start":{"line":199,"column":2},"end":{"line":206,"column":3}},"113":{"start":{"line":200,"column":4},"end":{"line":205,"column":6}},"114":{"start":{"line":203,"column":31},"end":{"line":203,"column":55}},"115":{"start":{"line":208,"column":2},"end":{"line":496,"column":4}},"116":{"start":{"line":250,"column":20},"end":{"line":258,"column":29}},"117":{"start":{"line":252,"column":37},"end":{"line":252,"column":63}},"118":{"start":{"line":277,"column":24},"end":{"line":289,"column":33}},"119":{"start":{"line":279,"column":41},"end":{"line":279,"column":59}},"120":{"start":{"line":297,"column":24},"end":{"line":311,"column":33}},"121":{"start":{"line":299,"column":41},"end":{"line":299,"column":65}},"122":{"start":{"line":332,"column":20},"end":{"line":340,"column":29}},"123":{"start":{"line":334,"column":37},"end":{"line":334,"column":63}},"124":{"start":{"line":359,"column":20},"end":{"line":367,"column":29}},"125":{"start":{"line":361,"column":37},"end":{"line":361,"column":55}},"126":{"start":{"line":397,"column":20},"end":{"line":399,"column":26}},"127":{"start":{"line":415,"column":22},"end":{"line":415,"column":40}},"128":{"start":{"line":416,"column":22},"end":{"line":416,"column":33}},"129":{"start":{"line":436,"column":18},"end":{"line":466,"column":23}},"130":{"start":{"line":460,"column":41},"end":{"line":460,"column":67}},"131":{"start":{"line":476,"column":20},"end":{"line":478,"column":22}},"132":{"start":{"line":480,"column":20},"end":{"line":480,"column":35}}},"fnMap":{"0":{"name":"(anonymous_0)","decl":{"start":{"line":5,"column":20},"end":{"line":5,"column":21}},"loc":{"start":{"line":5,"column":26},"end":{"line":497,"column":1}},"line":5},"1":{"name":"(anonymous_1)","decl":{"start":{"line":19,"column":41},"end":{"line":19,"column":42}},"loc":{"start":{"line":19,"column":47},"end":{"line":22,"column":3}},"line":19},"2":{"name":"(anonymous_2)","decl":{"start":{"line":25,"column":12},"end":{"line":25,"column":13}},"loc":{"start":{"line":25,"column":18},"end":{"line":89,"column":3}},"line":25},"3":{"name":"(anonymous_3)","decl":{"start":{"line":26,"column":22},"end":{"line":26,"column":23}},"loc":{"start":{"line":26,"column":34},"end":{"line":86,"column":5}},"line":26},"4":{"name":"(anonymous_4)","decl":{"start":{"line":36,"column":58},"end":{"line":36,"column":59}},"loc":{"start":{"line":36,"column":67},"end":{"line":36,"column":77}},"line":36},"5":{"name":"(anonymous_5)","decl":{"start":{"line":38,"column":26},"end":{"line":38,"column":27}},"loc":{"start":{"line":38,"column":38},"end":{"line":46,"column":9}},"line":38},"6":{"name":"(anonymous_6)","decl":{"start":{"line":53,"column":44},"end":{"line":53,"column":45}},"loc":{"start":{"line":53,"column":53},"end":{"line":53,"column":63}},"line":53},"7":{"name":"(anonymous_7)","decl":{"start":{"line":92,"column":24},"end":{"line":92,"column":25}},"loc":{"start":{"line":92,"column":30},"end":{"line":100,"column":3}},"line":92},"8":{"name":"(anonymous_8)","decl":{"start":{"line":103,"column":26},"end":{"line":103,"column":27}},"loc":{"start":{"line":103,"column":38},"end":{"line":113,"column":3}},"line":103},"9":{"name":"(anonymous_9)","decl":{"start":{"line":116,"column":22},"end":{"line":116,"column":23}},"loc":{"start":{"line":116,"column":34},"end":{"line":124,"column":3}},"line":116},"10":{"name":"(anonymous_10)","decl":{"start":{"line":120,"column":48},"end":{"line":120,"column":49}},"loc":{"start":{"line":120,"column":55},"end":{"line":120,"column":67}},"line":120},"11":{"name":"(anonymous_11)","decl":{"start":{"line":127,"column":25},"end":{"line":127,"column":26}},"loc":{"start":{"line":127,"column":37},"end":{"line":135,"column":3}},"line":127},"12":{"name":"(anonymous_12)","decl":{"start":{"line":131,"column":54},"end":{"line":131,"column":55}},"loc":{"start":{"line":131,"column":61},"end":{"line":131,"column":73}},"line":131},"13":{"name":"(anonymous_13)","decl":{"start":{"line":138,"column":26},"end":{"line":138,"column":27}},"loc":{"start":{"line":138,"column":38},"end":{"line":140,"column":3}},"line":138},"14":{"name":"(anonymous_14)","decl":{"start":{"line":143,"column":22},"end":{"line":143,"column":23}},"loc":{"start":{"line":143,"column":34},"end":{"line":145,"column":3}},"line":143},"15":{"name":"(anonymous_15)","decl":{"start":{"line":148,"column":12},"end":{"line":148,"column":13}},"loc":{"start":{"line":148,"column":18},"end":{"line":150,"column":3}},"line":148},"16":{"name":"(anonymous_16)","decl":{"start":{"line":152,"column":26},"end":{"line":152,"column":27}},"loc":{"start":{"line":152,"column":32},"end":{"line":168,"column":3}},"line":152},"17":{"name":"(anonymous_17)","decl":{"start":{"line":161,"column":15},"end":{"line":161,"column":16}},"loc":{"start":{"line":161,"column":25},"end":{"line":161,"column":42}},"line":161},"18":{"name":"(anonymous_18)","decl":{"start":{"line":170,"column":28},"end":{"line":170,"column":29}},"loc":{"start":{"line":170,"column":36},"end":{"line":172,"column":3}},"line":170},"19":{"name":"(anonymous_19)","decl":{"start":{"line":171,"column":15},"end":{"line":171,"column":16}},"loc":{"start":{"line":171,"column":25},"end":{"line":171,"column":56}},"line":171},"20":{"name":"(anonymous_20)","decl":{"start":{"line":171,"column":37},"end":{"line":171,"column":38}},"loc":{"start":{"line":171,"column":44},"end":{"line":171,"column":55}},"line":171},"21":{"name":"(anonymous_21)","decl":{"start":{"line":174,"column":26},"end":{"line":174,"column":27}},"loc":{"start":{"line":174,"column":32},"end":{"line":176,"column":3}},"line":174},"22":{"name":"(anonymous_22)","decl":{"start":{"line":178,"column":21},"end":{"line":178,"column":22}},"loc":{"start":{"line":178,"column":27},"end":{"line":185,"column":3}},"line":178},"23":{"name":"(anonymous_23)","decl":{"start":{"line":184,"column":12},"end":{"line":184,"column":13}},"loc":{"start":{"line":184,"column":19},"end":{"line":184,"column":37}},"line":184},"24":{"name":"(anonymous_24)","decl":{"start":{"line":187,"column":21},"end":{"line":187,"column":22}},"loc":{"start":{"line":187,"column":27},"end":{"line":189,"column":3}},"line":187},"25":{"name":"(anonymous_25)","decl":{"start":{"line":188,"column":12},"end":{"line":188,"column":13}},"loc":{"start":{"line":188,"column":19},"end":{"line":188,"column":37}},"line":188},"26":{"name":"(anonymous_26)","decl":{"start":{"line":203,"column":25},"end":{"line":203,"column":26}},"loc":{"start":{"line":203,"column":31},"end":{"line":203,"column":55}},"line":203},"27":{"name":"(anonymous_27)","decl":{"start":{"line":249,"column":34},"end":{"line":249,"column":35}},"loc":{"start":{"line":250,"column":20},"end":{"line":258,"column":29}},"line":250},"28":{"name":"(anonymous_28)","decl":{"start":{"line":252,"column":31},"end":{"line":252,"column":32}},"loc":{"start":{"line":252,"column":37},"end":{"line":252,"column":63}},"line":252},"29":{"name":"(anonymous_29)","decl":{"start":{"line":276,"column":35},"end":{"line":276,"column":36}},"loc":{"start":{"line":277,"column":24},"end":{"line":289,"column":33}},"line":277},"30":{"name":"(anonymous_30)","decl":{"start":{"line":279,"column":35},"end":{"line":279,"column":36}},"loc":{"start":{"line":279,"column":41},"end":{"line":279,"column":59}},"line":279},"31":{"name":"(anonymous_31)","decl":{"start":{"line":296,"column":38},"end":{"line":296,"column":39}},"loc":{"start":{"line":297,"column":24},"end":{"line":311,"column":33}},"line":297},"32":{"name":"(anonymous_32)","decl":{"start":{"line":299,"column":35},"end":{"line":299,"column":36}},"loc":{"start":{"line":299,"column":41},"end":{"line":299,"column":65}},"line":299},"33":{"name":"(anonymous_33)","decl":{"start":{"line":331,"column":34},"end":{"line":331,"column":35}},"loc":{"start":{"line":332,"column":20},"end":{"line":340,"column":29}},"line":332},"34":{"name":"(anonymous_34)","decl":{"start":{"line":334,"column":31},"end":{"line":334,"column":32}},"loc":{"start":{"line":334,"column":37},"end":{"line":334,"column":63}},"line":334},"35":{"name":"(anonymous_35)","decl":{"start":{"line":358,"column":30},"end":{"line":358,"column":31}},"loc":{"start":{"line":359,"column":20},"end":{"line":367,"column":29}},"line":359},"36":{"name":"(anonymous_36)","decl":{"start":{"line":361,"column":31},"end":{"line":361,"column":32}},"loc":{"start":{"line":361,"column":37},"end":{"line":361,"column":55}},"line":361},"37":{"name":"(anonymous_37)","decl":{"start":{"line":396,"column":67},"end":{"line":396,"column":68}},"loc":{"start":{"line":397,"column":20},"end":{"line":399,"column":26}},"line":397},"38":{"name":"(anonymous_38)","decl":{"start":{"line":414,"column":29},"end":{"line":414,"column":30}},"loc":{"start":{"line":414,"column":35},"end":{"line":417,"column":21}},"line":414},"39":{"name":"(anonymous_39)","decl":{"start":{"line":435,"column":29},"end":{"line":435,"column":30}},"loc":{"start":{"line":436,"column":18},"end":{"line":466,"column":23}},"line":436},"40":{"name":"(anonymous_40)","decl":{"start":{"line":460,"column":35},"end":{"line":460,"column":36}},"loc":{"start":{"line":460,"column":41},"end":{"line":460,"column":67}},"line":460},"41":{"name":"(anonymous_41)","decl":{"start":{"line":475,"column":29},"end":{"line":475,"column":30}},"loc":{"start":{"line":475,"column":42},"end":{"line":481,"column":19}},"line":475}},"branchMap":{"0":{"loc":{"start":{"line":21,"column":11},"end":{"line":21,"column":49}},"type":"cond-expr","locations":[{"start":{"line":21,"column":23},"end":{"line":21,"column":44}},{"start":{"line":21,"column":47},"end":{"line":21,"column":49}}],"line":21},"1":{"loc":{"start":{"line":39,"column":10},"end":{"line":45,"column":11}},"type":"if","locations":[{"start":{"line":39,"column":10},"end":{"line":45,"column":11}},{"start":{"line":43,"column":17},"end":{"line":45,"column":11}}],"line":39},"2":{"loc":{"start":{"line":63,"column":8},"end":{"line":71,"column":9}},"type":"if","locations":[{"start":{"line":63,"column":8},"end":{"line":71,"column":9}},{"start":{},"end":{}}],"line":63},"3":{"loc":{"start":{"line":64,"column":10},"end":{"line":68,"column":36}},"type":"binary-expr","locations":[{"start":{"line":64,"column":10},"end":{"line":64,"column":37}},{"start":{"line":65,"column":10},"end":{"line":65,"column":40}},{"start":{"line":66,"column":10},"end":{"line":66,"column":40}},{"start":{"line":67,"column":10},"end":{"line":67,"column":40}},{"start":{"line":68,"column":10},"end":{"line":68,"column":36}}],"line":64},"4":{"loc":{"start":{"line":94,"column":4},"end":{"line":94,"column":40}},"type":"if","locations":[{"start":{"line":94,"column":4},"end":{"line":94,"column":40}},{"start":{},"end":{}}],"line":94},"5":{"loc":{"start":{"line":95,"column":4},"end":{"line":95,"column":61}},"type":"if","locations":[{"start":{"line":95,"column":4},"end":{"line":95,"column":61}},{"start":{},"end":{}}],"line":95},"6":{"loc":{"start":{"line":95,"column":8},"end":{"line":95,"column":50}},"type":"binary-expr","locations":[{"start":{"line":95,"column":8},"end":{"line":95,"column":28}},{"start":{"line":95,"column":32},"end":{"line":95,"column":50}}],"line":95},"7":{"loc":{"start":{"line":96,"column":4},"end":{"line":96,"column":42}},"type":"if","locations":[{"start":{"line":96,"column":4},"end":{"line":96,"column":42}},{"start":{},"end":{}}],"line":96},"8":{"loc":{"start":{"line":97,"column":4},"end":{"line":97,"column":66}},"type":"if","locations":[{"start":{"line":97,"column":4},"end":{"line":97,"column":66}},{"start":{},"end":{}}],"line":97},"9":{"loc":{"start":{"line":98,"column":4},"end":{"line":98,"column":68}},"type":"if","locations":[{"start":{"line":98,"column":4},"end":{"line":98,"column":68}},{"start":{},"end":{}}],"line":98},"10":{"loc":{"start":{"line":104,"column":4},"end":{"line":112,"column":5}},"type":"if","locations":[{"start":{"line":104,"column":4},"end":{"line":112,"column":5}},{"start":{"line":108,"column":11},"end":{"line":112,"column":5}}],"line":104},"11":{"loc":{"start":{"line":119,"column":4},"end":{"line":123,"column":5}},"type":"if","locations":[{"start":{"line":119,"column":4},"end":{"line":123,"column":5}},{"start":{"line":121,"column":11},"end":{"line":123,"column":5}}],"line":119},"12":{"loc":{"start":{"line":121,"column":11},"end":{"line":123,"column":5}},"type":"if","locations":[{"start":{"line":121,"column":11},"end":{"line":123,"column":5}},{"start":{},"end":{}}],"line":121},"13":{"loc":{"start":{"line":130,"column":4},"end":{"line":134,"column":5}},"type":"if","locations":[{"start":{"line":130,"column":4},"end":{"line":134,"column":5}},{"start":{"line":132,"column":11},"end":{"line":134,"column":5}}],"line":130},"14":{"loc":{"start":{"line":132,"column":11},"end":{"line":134,"column":5}},"type":"if","locations":[{"start":{"line":132,"column":11},"end":{"line":134,"column":5}},{"start":{},"end":{}}],"line":132},"15":{"loc":{"start":{"line":139,"column":25},"end":{"line":139,"column":67}},"type":"cond-expr","locations":[{"start":{"line":139,"column":56},"end":{"line":139,"column":58}},{"start":{"line":139,"column":61},"end":{"line":139,"column":67}}],"line":139},"16":{"loc":{"start":{"line":144,"column":21},"end":{"line":144,"column":59}},"type":"cond-expr","locations":[{"start":{"line":144,"column":48},"end":{"line":144,"column":50}},{"start":{"line":144,"column":53},"end":{"line":144,"column":59}}],"line":144},"17":{"loc":{"start":{"line":180,"column":4},"end":{"line":180,"column":49}},"type":"if","locations":[{"start":{"line":180,"column":4},"end":{"line":180,"column":49}},{"start":{},"end":{}}],"line":180},"18":{"loc":{"start":{"line":180,"column":8},"end":{"line":180,"column":40}},"type":"binary-expr","locations":[{"start":{"line":180,"column":8},"end":{"line":180,"column":18}},{"start":{"line":180,"column":22},"end":{"line":180,"column":40}}],"line":180},"19":{"loc":{"start":{"line":181,"column":4},"end":{"line":182,"column":13}},"type":"if","locations":[{"start":{"line":181,"column":4},"end":{"line":182,"column":13}},{"start":{},"end":{}}],"line":181},"20":{"loc":{"start":{"line":181,"column":8},"end":{"line":181,"column":78}},"type":"binary-expr","locations":[{"start":{"line":181,"column":8},"end":{"line":181,"column":18}},{"start":{"line":181,"column":22},"end":{"line":181,"column":78}}],"line":181},"21":{"loc":{"start":{"line":191,"column":2},"end":{"line":197,"column":3}},"type":"if","locations":[{"start":{"line":191,"column":2},"end":{"line":197,"column":3}},{"start":{},"end":{}}],"line":191},"22":{"loc":{"start":{"line":199,"column":2},"end":{"line":206,"column":3}},"type":"if","locations":[{"start":{"line":199,"column":2},"end":{"line":206,"column":3}},{"start":{},"end":{}}],"line":199},"23":{"loc":{"start":{"line":226,"column":17},"end":{"line":226,"column":51}},"type":"binary-expr","locations":[{"start":{"line":226,"column":17},"end":{"line":226,"column":27}},{"start":{"line":226,"column":31},"end":{"line":226,"column":51}}],"line":226},"24":{"loc":{"start":{"line":227,"column":17},"end":{"line":227,"column":59}},"type":"binary-expr","locations":[{"start":{"line":227,"column":17},"end":{"line":227,"column":27}},{"start":{"line":227,"column":31},"end":{"line":227,"column":59}}],"line":227},"25":{"loc":{"start":{"line":228,"column":17},"end":{"line":228,"column":48}},"type":"binary-expr","locations":[{"start":{"line":228,"column":17},"end":{"line":228,"column":27}},{"start":{"line":228,"column":31},"end":{"line":228,"column":48}}],"line":228},"26":{"loc":{"start":{"line":229,"column":17},"end":{"line":229,"column":44}},"type":"binary-expr","locations":[{"start":{"line":229,"column":17},"end":{"line":229,"column":27}},{"start":{"line":229,"column":31},"end":{"line":229,"column":44}}],"line":229},"27":{"loc":{"start":{"line":230,"column":17},"end":{"line":230,"column":50}},"type":"binary-expr","locations":[{"start":{"line":230,"column":17},"end":{"line":230,"column":27}},{"start":{"line":230,"column":31},"end":{"line":230,"column":50}}],"line":230},"28":{"loc":{"start":{"line":237,"column":42},"end":{"line":237,"column":68}},"type":"cond-expr","locations":[{"start":{"line":237,"column":55},"end":{"line":237,"column":63}},{"start":{"line":237,"column":66},"end":{"line":237,"column":68}}],"line":237},"29":{"loc":{"start":{"line":238,"column":42},"end":{"line":238,"column":68}},"type":"cond-expr","locations":[{"start":{"line":238,"column":55},"end":{"line":238,"column":63}},{"start":{"line":238,"column":66},"end":{"line":238,"column":68}}],"line":238},"30":{"loc":{"start":{"line":239,"column":42},"end":{"line":239,"column":68}},"type":"cond-expr","locations":[{"start":{"line":239,"column":55},"end":{"line":239,"column":63}},{"start":{"line":239,"column":66},"end":{"line":239,"column":68}}],"line":239},"31":{"loc":{"start":{"line":240,"column":42},"end":{"line":240,"column":68}},"type":"cond-expr","locations":[{"start":{"line":240,"column":55},"end":{"line":240,"column":63}},{"start":{"line":240,"column":66},"end":{"line":240,"column":68}}],"line":240},"32":{"loc":{"start":{"line":241,"column":42},"end":{"line":241,"column":68}},"type":"cond-expr","locations":[{"start":{"line":241,"column":55},"end":{"line":241,"column":63}},{"start":{"line":241,"column":66},"end":{"line":241,"column":68}}],"line":241},"33":{"loc":{"start":{"line":246,"column":13},"end":{"line":268,"column":13}},"type":"binary-expr","locations":[{"start":{"line":246,"column":13},"end":{"line":246,"column":23}},{"start":{"line":247,"column":14},"end":{"line":267,"column":20}}],"line":246},"34":{"loc":{"start":{"line":254,"column":24},"end":{"line":254,"column":74}},"type":"cond-expr","locations":[{"start":{"line":254,"column":58},"end":{"line":254,"column":69}},{"start":{"line":254,"column":72},"end":{"line":254,"column":74}}],"line":254},"35":{"loc":{"start":{"line":270,"column":13},"end":{"line":325,"column":13}},"type":"binary-expr","locations":[{"start":{"line":270,"column":13},"end":{"line":270,"column":23}},{"start":{"line":271,"column":14},"end":{"line":324,"column":20}}],"line":270},"36":{"loc":{"start":{"line":281,"column":28},"end":{"line":281,"column":78}},"type":"cond-expr","locations":[{"start":{"line":281,"column":62},"end":{"line":281,"column":73}},{"start":{"line":281,"column":76},"end":{"line":281,"column":78}}],"line":281},"37":{"loc":{"start":{"line":284,"column":28},"end":{"line":285,"column":60}},"type":"binary-expr","locations":[{"start":{"line":284,"column":28},"end":{"line":284,"column":69}},{"start":{"line":285,"column":28},"end":{"line":285,"column":60}}],"line":284},"38":{"loc":{"start":{"line":301,"column":28},"end":{"line":303,"column":34}},"type":"cond-expr","locations":[{"start":{"line":302,"column":32},"end":{"line":302,"column":43}},{"start":{"line":303,"column":32},"end":{"line":303,"column":34}}],"line":301},"39":{"loc":{"start":{"line":306,"column":28},"end":{"line":307,"column":66}},"type":"binary-expr","locations":[{"start":{"line":306,"column":28},"end":{"line":306,"column":72}},{"start":{"line":307,"column":28},"end":{"line":307,"column":66}}],"line":306},"40":{"loc":{"start":{"line":327,"column":13},"end":{"line":352,"column":13}},"type":"binary-expr","locations":[{"start":{"line":327,"column":13},"end":{"line":327,"column":23}},{"start":{"line":328,"column":14},"end":{"line":351,"column":20}}],"line":327},"41":{"loc":{"start":{"line":336,"column":24},"end":{"line":336,"column":74}},"type":"cond-expr","locations":[{"start":{"line":336,"column":58},"end":{"line":336,"column":69}},{"start":{"line":336,"column":72},"end":{"line":336,"column":74}}],"line":336},"42":{"loc":{"start":{"line":354,"column":13},"end":{"line":379,"column":13}},"type":"binary-expr","locations":[{"start":{"line":354,"column":13},"end":{"line":354,"column":23}},{"start":{"line":355,"column":14},"end":{"line":378,"column":20}}],"line":354},"43":{"loc":{"start":{"line":363,"column":24},"end":{"line":363,"column":66}},"type":"cond-expr","locations":[{"start":{"line":363,"column":50},"end":{"line":363,"column":61}},{"start":{"line":363,"column":64},"end":{"line":363,"column":66}}],"line":363},"44":{"loc":{"start":{"line":381,"column":13},"end":{"line":423,"column":13}},"type":"binary-expr","locations":[{"start":{"line":381,"column":13},"end":{"line":381,"column":23}},{"start":{"line":382,"column":14},"end":{"line":422,"column":20}}],"line":381},"45":{"loc":{"start":{"line":393,"column":19},"end":{"line":395,"column":19}},"type":"binary-expr","locations":[{"start":{"line":393,"column":19},"end":{"line":393,"column":36}},{"start":{"line":394,"column":20},"end":{"line":394,"column":74}}],"line":393},"46":{"loc":{"start":{"line":401,"column":19},"end":{"line":403,"column":19}},"type":"binary-expr","locations":[{"start":{"line":401,"column":19},"end":{"line":401,"column":36}},{"start":{"line":402,"column":20},"end":{"line":402,"column":74}}],"line":401},"47":{"loc":{"start":{"line":404,"column":19},"end":{"line":406,"column":19}},"type":"binary-expr","locations":[{"start":{"line":404,"column":19},"end":{"line":404,"column":32}},{"start":{"line":405,"column":20},"end":{"line":405,"column":70}}],"line":404},"48":{"loc":{"start":{"line":431,"column":13},"end":{"line":469,"column":13}},"type":"cond-expr","locations":[{"start":{"line":432,"column":14},"end":{"line":432,"column":73}},{"start":{"line":434,"column":14},"end":{"line":468,"column":19}}],"line":431},"49":{"loc":{"start":{"line":470,"column":13},"end":{"line":484,"column":13}},"type":"binary-expr","locations":[{"start":{"line":470,"column":13},"end":{"line":470,"column":31}},{"start":{"line":471,"column":14},"end":{"line":483,"column":20}}],"line":470}},"s":{"0":0,"1":0,"2":0,"3":0,"4":0,"5":0,"6":0,"7":0,"8":0,"9":0,"10":0,"11":0,"12":0,"13":0,"14":0,"15":0,"16":0,"17":0,"18":0,"19":0,"20":0,"21":0,"22":0,"23":0,"24":0,"25":0,"26":0,"27":0,"28":0,"29":0,"30":0,"31":0,"32":0,"33":0,"34":0,"35":0,"36":0,"37":0,"38":0,"39":0,"40":0,"41":0,"42":0,"43":0,"44":0,"45":0,"46":0,"47":0,"48":0,"49":0,"50":0,"51":0,"52":0,"53":0,"54":0,"55":0,"56":0,"57":0,"58":0,"59":0,"60":0,"61":0,"62":0,"63":0,"64":0,"65":0,"66":0,"67":0,"68":0,"69":0,"70":0,"71":0,"72":0,"73":0,"74":0,"75":0,"76":0,"77":0,"78":0,"79":0,"80":0,"81":0,"82":0,"83":0,"84":0,"85":0,"86":0,"87":0,"88":0,"89":0,"90":0,"91":0,"92":0,"93":0,"94":0,"95":0,"96":0,"97":0,"98":0,"99":0,"100":0,"101":0,"102":0,"103":0,"104":0,"105":0,"106":0,"107":0,"108":0,"109":0,"110":0,"111":0,"112":0,"113":0,"114":0,"115":0,"116":0,"117":0,"118":0,"119":0,"120":0,"121":0,"122":0,"123":0,"124":0,"125":0,"126":0,"127":0,"128":0,"129":0,"130":0,"131":0,"132":0},"f":{"0":0,"1":0,"2":0,"3":0,"4":0,"5":0,"6":0,"7":0,"8":0,"9":0,"10":0,"11":0,"12":0,"13":0,"14":0,"15":0,"16":0,"17":0,"18":0,"19":0,"20":0,"21":0,"22":0,"23":0,"24":0,"25":0,"26":0,"27":0,"28":0,"29":0,"30":0,"31":0,"32":0,"33":0,"34":0,"35":0,"36":0,"37":0,"38":0,"39":0,"40":0,"41":0},"b":{"0":[0,0],"1":[0,0],"2":[0,0],"3":[0,0,0,0,0],"4":[0,0],"5":[0,0],"6":[0,0],"7":[0,0],"8":[0,0],"9":[0,0],"10":[0,0],"11":[0,0],"12":[0,0],"13":[0,0],"14":[0,0],"15":[0,0],"16":[0,0],"17":[0,0],"18":[0,0],"19":[0,0],"20":[0,0],"21":[0,0],"22":[0,0],"23":[0,0],"24":[0,0],"25":[0,0],"26":[0,0],"27":[0,0],"28":[0,0],"29":[0,0],"30":[0,0],"31":[0,0],"32":[0,0],"33":[0,0],"34":[0,0],"35":[0,0],"36":[0,0],"37":[0,0],"38":[0,0],"39":[0,0],"40":[0,0],"41":[0,0],"42":[0,0],"43":[0,0],"44":[0,0],"45":[0,0],"46":[0,0],"47":[0,0],"48":[0,0],"49":[0,0]}}
,"/home/etec/juan/Proyecto-Heladeria-Papus/src/components/Layouts/MainLayout.jsx": {"path":"/home/etec/juan/Proyecto-Heladeria-Papus/src/components/Layouts/MainLayout.jsx","statementMap":{"0":{"start":{"line":5,"column":19},"end":{"line":70,"column":1}},"1":{"start":{"line":6,"column":48},"end":{"line":8,"column":3}},"2":{"start":{"line":10,"column":2},"end":{"line":43,"column":9}},"3":{"start":{"line":11,"column":21},"end":{"line":11,"column":60}},"4":{"start":{"line":12,"column":4},"end":{"line":15,"column":5}},"5":{"start":{"line":13,"column":6},"end":{"line":13,"column":35}},"6":{"start":{"line":14,"column":6},"end":{"line":14,"column":13}},"7":{"start":{"line":18,"column":4},"end":{"line":28,"column":9}},"8":{"start":{"line":19,"column":21},"end":{"line":19,"column":31}},"9":{"start":{"line":21,"column":8},"end":{"line":24,"column":9}},"10":{"start":{"line":22,"column":27},"end":{"line":22,"column":47}},"11":{"start":{"line":23,"column":10},"end":{"line":23,"column":53}},"12":{"start":{"line":23,"column":24},"end":{"line":23,"column":53}},"13":{"start":{"line":31,"column":20},"end":{"line":40,"column":5}},"14":{"start":{"line":33,"column":6},"end":{"line":36,"column":7}},"15":{"start":{"line":34,"column":8},"end":{"line":34,"column":47}},"16":{"start":{"line":35,"column":8},"end":{"line":35,"column":15}},"17":{"start":{"line":38,"column":18},"end":{"line":38,"column":57}},"18":{"start":{"line":39,"column":6},"end":{"line":39,"column":39}},"19":{"start":{"line":39,"column":15},"end":{"line":39,"column":39}},"20":{"start":{"line":41,"column":4},"end":{"line":41,"column":56}},"21":{"start":{"line":42,"column":4},"end":{"line":42,"column":72}},"22":{"start":{"line":42,"column":17},"end":{"line":42,"column":71}},"23":{"start":{"line":45,"column":2},"end":{"line":69,"column":4}}},"fnMap":{"0":{"name":"(anonymous_0)","decl":{"start":{"line":5,"column":19},"end":{"line":5,"column":20}},"loc":{"start":{"line":5,"column":37},"end":{"line":70,"column":1}},"line":5},"1":{"name":"(anonymous_1)","decl":{"start":{"line":10,"column":12},"end":{"line":10,"column":13}},"loc":{"start":{"line":10,"column":18},"end":{"line":43,"column":3}},"line":10},"2":{"name":"(anonymous_2)","decl":{"start":{"line":19,"column":12},"end":{"line":19,"column":13}},"loc":{"start":{"line":19,"column":21},"end":{"line":19,"column":31}},"line":19},"3":{"name":"(anonymous_3)","decl":{"start":{"line":20,"column":12},"end":{"line":20,"column":13}},"loc":{"start":{"line":20,"column":25},"end":{"line":25,"column":7}},"line":20},"4":{"name":"(anonymous_4)","decl":{"start":{"line":26,"column":13},"end":{"line":26,"column":14}},"loc":{"start":{"line":26,"column":19},"end":{"line":28,"column":7}},"line":26},"5":{"name":"(anonymous_5)","decl":{"start":{"line":31,"column":20},"end":{"line":31,"column":21}},"loc":{"start":{"line":31,"column":27},"end":{"line":40,"column":5}},"line":31},"6":{"name":"(anonymous_6)","decl":{"start":{"line":42,"column":11},"end":{"line":42,"column":12}},"loc":{"start":{"line":42,"column":17},"end":{"line":42,"column":71}},"line":42}},"branchMap":{"0":{"loc":{"start":{"line":12,"column":4},"end":{"line":15,"column":5}},"type":"if","locations":[{"start":{"line":12,"column":4},"end":{"line":15,"column":5}},{"start":{},"end":{}}],"line":12},"1":{"loc":{"start":{"line":21,"column":8},"end":{"line":24,"column":9}},"type":"if","locations":[{"start":{"line":21,"column":8},"end":{"line":24,"column":9}},{"start":{},"end":{}}],"line":21},"2":{"loc":{"start":{"line":21,"column":12},"end":{"line":21,"column":56}},"type":"binary-expr","locations":[{"start":{"line":21,"column":12},"end":{"line":21,"column":34}},{"start":{"line":21,"column":38},"end":{"line":21,"column":56}}],"line":21},"3":{"loc":{"start":{"line":23,"column":10},"end":{"line":23,"column":53}},"type":"if","locations":[{"start":{"line":23,"column":10},"end":{"line":23,"column":53}},{"start":{},"end":{}}],"line":23},"4":{"loc":{"start":{"line":33,"column":6},"end":{"line":36,"column":7}},"type":"if","locations":[{"start":{"line":33,"column":6},"end":{"line":36,"column":7}},{"start":{},"end":{}}],"line":33},"5":{"loc":{"start":{"line":33,"column":10},"end":{"line":33,"column":45}},"type":"binary-expr","locations":[{"start":{"line":33,"column":10},"end":{"line":33,"column":11}},{"start":{"line":33,"column":15},"end":{"line":33,"column":23}},{"start":{"line":33,"column":27},"end":{"line":33,"column":45}}],"line":33},"6":{"loc":{"start":{"line":39,"column":6},"end":{"line":39,"column":39}},"type":"if","locations":[{"start":{"line":39,"column":6},"end":{"line":39,"column":39}},{"start":{},"end":{}}],"line":39}},"s":{"0":0,"1":0,"2":0,"3":0,"4":0,"5":0,"6":0,"7":0,"8":0,"9":0,"10":0,"11":0,"12":0,"13":0,"14":0,"15":0,"16":0,"17":0,"18":0,"19":0,"20":0,"21":0,"22":0,"23":0},"f":{"0":0,"1":0,"2":0,"3":0,"4":0,"5":0,"6":0},"b":{"0":[0,0],"1":[0,0],"2":[0,0],"3":[0,0],"4":[0,0],"5":[0,0,0],"6":[0,0]}}
,"/home/etec/juan/Proyecto-Heladeria-Papus/src/components/Loading/Loading.jsx": {"path":"/home/etec/juan/Proyecto-Heladeria-Papus/src/components/Loading/Loading.jsx","statementMap":{"0":{"start":{"line":3,"column":16},"end":{"line":18,"column":1}},"1":{"start":{"line":4,"column":2},"end":{"line":17,"column":4}}},"fnMap":{"0":{"name":"(anonymous_0)","decl":{"start":{"line":3,"column":16},"end":{"line":3,"column":17}},"loc":{"start":{"line":3,"column":30},"end":{"line":18,"column":1}},"line":3}},"branchMap":{"0":{"loc":{"start":{"line":5,"column":36},"end":{"line":5,"column":58}},"type":"cond-expr","locations":[{"start":{"line":5,"column":43},"end":{"line":5,"column":53}},{"start":{"line":5,"column":56},"end":{"line":5,"column":58}}],"line":5}},"s":{"0":0,"1":0},"f":{"0":0},"b":{"0":[0,0]}}
,"/home/etec/juan/Proyecto-Heladeria-Papus/src/components/Loading/PageWithLoading.jsx": {"path":"/home/etec/juan/Proyecto-Heladeria-Papus/src/components/Loading/PageWithLoading.jsx","statementMap":{"0":{"start":{"line":5,"column":24},"end":{"line":44,"column":1}},"1":{"start":{"line":6,"column":32},"end":{"line":6,"column":46}},"2":{"start":{"line":7,"column":26},"end":{"line":7,"column":41}},"3":{"start":{"line":8,"column":19},"end":{"line":8,"column":32}},"4":{"start":{"line":10,"column":2},"end":{"line":41,"column":26}},"5":{"start":{"line":12,"column":4},"end":{"line":12,"column":21}},"6":{"start":{"line":13,"column":4},"end":{"line":13,"column":19}},"7":{"start":{"line":18,"column":21},"end":{"line":32,"column":5}},"8":{"start":{"line":19,"column":6},"end":{"line":31,"column":7}},"9":{"start":{"line":21,"column":25},"end":{"line":21,"column":55}},"10":{"start":{"line":23,"column":8},"end":{"line":27,"column":9}},"11":{"start":{"line":25,"column":10},"end":{"line":25,"column":24}},"12":{"start":{"line":26,"column":10},"end":{"line":26,"column":51}},"13":{"start":{"line":26,"column":27},"end":{"line":26,"column":44}},"14":{"start":{"line":29,"column":8},"end":{"line":29,"column":58}},"15":{"start":{"line":34,"column":4},"end":{"line":34,"column":15}},"16":{"start":{"line":37,"column":4},"end":{"line":40,"column":6}},"17":{"start":{"line":38,"column":6},"end":{"line":38,"column":24}},"18":{"start":{"line":39,"column":6},"end":{"line":39,"column":21}},"19":{"start":{"line":43,"column":2},"end":{"line":43,"column":54}}},"fnMap":{"0":{"name":"(anonymous_0)","decl":{"start":{"line":5,"column":24},"end":{"line":5,"column":25}},"loc":{"start":{"line":5,"column":42},"end":{"line":44,"column":1}},"line":5},"1":{"name":"(anonymous_1)","decl":{"start":{"line":10,"column":12},"end":{"line":10,"column":13}},"loc":{"start":{"line":10,"column":18},"end":{"line":41,"column":3}},"line":10},"2":{"name":"(anonymous_2)","decl":{"start":{"line":18,"column":21},"end":{"line":18,"column":22}},"loc":{"start":{"line":18,"column":33},"end":{"line":32,"column":5}},"line":18},"3":{"name":"(anonymous_3)","decl":{"start":{"line":26,"column":21},"end":{"line":26,"column":22}},"loc":{"start":{"line":26,"column":27},"end":{"line":26,"column":44}},"line":26},"4":{"name":"(anonymous_4)","decl":{"start":{"line":37,"column":11},"end":{"line":37,"column":12}},"loc":{"start":{"line":37,"column":17},"end":{"line":40,"column":5}},"line":37}},"branchMap":{"0":{"loc":{"start":{"line":23,"column":8},"end":{"line":27,"column":9}},"type":"if","locations":[{"start":{"line":23,"column":8},"end":{"line":27,"column":9}},{"start":{},"end":{}}],"line":23},"1":{"loc":{"start":{"line":43,"column":9},"end":{"line":43,"column":53}},"type":"cond-expr","locations":[{"start":{"line":43,"column":19},"end":{"line":43,"column":42}},{"start":{"line":43,"column":45},"end":{"line":43,"column":53}}],"line":43}},"s":{"0":0,"1":0,"2":0,"3":0,"4":0,"5":0,"6":0,"7":0,"8":0,"9":0,"10":0,"11":0,"12":0,"13":0,"14":0,"15":0,"16":0,"17":0,"18":0,"19":0},"f":{"0":0,"1":0,"2":0,"3":0,"4":0},"b":{"0":[0,0],"1":[0,0]}}
,"/home/etec/juan/Proyecto-Heladeria-Papus/src/components/Login/Login.jsx": {"path":"/home/etec/juan/Proyecto-Heladeria-Papus/src/components/Login/Login.jsx","statementMap":{"0":{"start":{"line":6,"column":18},"end":{"line":38,"column":1}},"1":{"start":{"line":7,"column":20},"end":{"line":7,"column":43}},"2":{"start":{"line":8,"column":30},"end":{"line":8,"column":42}},"3":{"start":{"line":9,"column":34},"end":{"line":9,"column":46}},"4":{"start":{"line":10,"column":28},"end":{"line":10,"column":40}},"5":{"start":{"line":11,"column":19},"end":{"line":11,"column":32}},"6":{"start":{"line":13,"column":23},"end":{"line":18,"column":3}},"7":{"start":{"line":14,"column":4},"end":{"line":14,"column":23}},"8":{"start":{"line":15,"column":20},"end":{"line":15,"column":49}},"9":{"start":{"line":16,"column":4},"end":{"line":17,"column":44}},"10":{"start":{"line":16,"column":17},"end":{"line":16,"column":35}},"11":{"start":{"line":17,"column":9},"end":{"line":17,"column":44}},"12":{"start":{"line":20,"column":2},"end":{"line":37,"column":4}},"13":{"start":{"line":26,"column":25},"end":{"line":26,"column":50}},"14":{"start":{"line":32,"column":25},"end":{"line":32,"column":52}}},"fnMap":{"0":{"name":"(anonymous_0)","decl":{"start":{"line":6,"column":18},"end":{"line":6,"column":19}},"loc":{"start":{"line":6,"column":24},"end":{"line":38,"column":1}},"line":6},"1":{"name":"(anonymous_1)","decl":{"start":{"line":13,"column":23},"end":{"line":13,"column":24}},"loc":{"start":{"line":13,"column":36},"end":{"line":18,"column":3}},"line":13},"2":{"name":"(anonymous_2)","decl":{"start":{"line":26,"column":18},"end":{"line":26,"column":19}},"loc":{"start":{"line":26,"column":25},"end":{"line":26,"column":50}},"line":26},"3":{"name":"(anonymous_3)","decl":{"start":{"line":32,"column":18},"end":{"line":32,"column":19}},"loc":{"start":{"line":32,"column":25},"end":{"line":32,"column":52}},"line":32}},"branchMap":{"0":{"loc":{"start":{"line":16,"column":4},"end":{"line":17,"column":44}},"type":"if","locations":[{"start":{"line":16,"column":4},"end":{"line":17,"column":44}},{"start":{"line":17,"column":9},"end":{"line":17,"column":44}}],"line":16},"1":{"loc":{"start":{"line":35,"column":7},"end":{"line":35,"column":30}},"type":"binary-expr","locations":[{"start":{"line":35,"column":7},"end":{"line":35,"column":12}},{"start":{"line":35,"column":16},"end":{"line":35,"column":30}}],"line":35}},"s":{"0":0,"1":0,"2":0,"3":0,"4":0,"5":0,"6":0,"7":0,"8":0,"9":0,"10":0,"11":0,"12":0,"13":0,"14":0},"f":{"0":0,"1":0,"2":0,"3":0},"b":{"0":[0,0],"1":[0,0]}}
,"/home/etec/juan/Proyecto-Heladeria-Papus/src/components/Navbar/Navbar.jsx": {"path":"/home/etec/juan/Proyecto-Heladeria-Papus/src/components/Navbar/Navbar.jsx","statementMap":{"0":{"start":{"line":6,"column":15},"end":{"line":142,"column":1}},"1":{"start":{"line":7,"column":40},"end":{"line":7,"column":55}},"2":{"start":{"line":8,"column":32},"end":{"line":8,"column":46}},"3":{"start":{"line":11,"column":2},"end":{"line":16,"column":9}},"4":{"start":{"line":12,"column":23},"end":{"line":12,"column":51}},"5":{"start":{"line":13,"column":4},"end":{"line":15,"column":5}},"6":{"start":{"line":14,"column":6},"end":{"line":14,"column":41}},"7":{"start":{"line":18,"column":21},"end":{"line":18,"column":58}},"8":{"start":{"line":18,"column":27},"end":{"line":18,"column":58}},"9":{"start":{"line":18,"column":52},"end":{"line":18,"column":57}},"10":{"start":{"line":20,"column":23},"end":{"line":24,"column":3}},"11":{"start":{"line":21,"column":4},"end":{"line":21,"column":36}},"12":{"start":{"line":22,"column":4},"end":{"line":22,"column":21}},"13":{"start":{"line":23,"column":4},"end":{"line":23,"column":29}},"14":{"start":{"line":26,"column":2},"end":{"line":141,"column":4}},"15":{"start":{"line":55,"column":29},"end":{"line":55,"column":50}},"16":{"start":{"line":64,"column":29},"end":{"line":64,"column":50}},"17":{"start":{"line":73,"column":29},"end":{"line":73,"column":50}},"18":{"start":{"line":82,"column":29},"end":{"line":82,"column":50}},"19":{"start":{"line":95,"column":33},"end":{"line":95,"column":54}},"20":{"start":{"line":104,"column":33},"end":{"line":104,"column":54}}},"fnMap":{"0":{"name":"(anonymous_0)","decl":{"start":{"line":6,"column":15},"end":{"line":6,"column":16}},"loc":{"start":{"line":6,"column":21},"end":{"line":142,"column":1}},"line":6},"1":{"name":"(anonymous_1)","decl":{"start":{"line":11,"column":12},"end":{"line":11,"column":13}},"loc":{"start":{"line":11,"column":18},"end":{"line":16,"column":3}},"line":11},"2":{"name":"(anonymous_2)","decl":{"start":{"line":18,"column":21},"end":{"line":18,"column":22}},"loc":{"start":{"line":18,"column":27},"end":{"line":18,"column":58}},"line":18},"3":{"name":"(anonymous_3)","decl":{"start":{"line":18,"column":42},"end":{"line":18,"column":43}},"loc":{"start":{"line":18,"column":52},"end":{"line":18,"column":57}},"line":18},"4":{"name":"(anonymous_4)","decl":{"start":{"line":20,"column":23},"end":{"line":20,"column":24}},"loc":{"start":{"line":20,"column":29},"end":{"line":24,"column":3}},"line":20},"5":{"name":"(anonymous_5)","decl":{"start":{"line":55,"column":23},"end":{"line":55,"column":24}},"loc":{"start":{"line":55,"column":29},"end":{"line":55,"column":50}},"line":55},"6":{"name":"(anonymous_6)","decl":{"start":{"line":64,"column":23},"end":{"line":64,"column":24}},"loc":{"start":{"line":64,"column":29},"end":{"line":64,"column":50}},"line":64},"7":{"name":"(anonymous_7)","decl":{"start":{"line":73,"column":23},"end":{"line":73,"column":24}},"loc":{"start":{"line":73,"column":29},"end":{"line":73,"column":50}},"line":73},"8":{"name":"(anonymous_8)","decl":{"start":{"line":82,"column":23},"end":{"line":82,"column":24}},"loc":{"start":{"line":82,"column":29},"end":{"line":82,"column":50}},"line":82},"9":{"name":"(anonymous_9)","decl":{"start":{"line":95,"column":27},"end":{"line":95,"column":28}},"loc":{"start":{"line":95,"column":33},"end":{"line":95,"column":54}},"line":95},"10":{"name":"(anonymous_10)","decl":{"start":{"line":104,"column":27},"end":{"line":104,"column":28}},"loc":{"start":{"line":104,"column":33},"end":{"line":104,"column":54}},"line":104}},"branchMap":{"0":{"loc":{"start":{"line":13,"column":4},"end":{"line":15,"column":5}},"type":"if","locations":[{"start":{"line":13,"column":4},"end":{"line":15,"column":5}},{"start":{},"end":{}}],"line":13},"1":{"loc":{"start":{"line":50,"column":38},"end":{"line":50,"column":68}},"type":"cond-expr","locations":[{"start":{"line":50,"column":52},"end":{"line":50,"column":63}},{"start":{"line":50,"column":66},"end":{"line":50,"column":68}}],"line":50},"2":{"loc":{"start":{"line":89,"column":11},"end":{"line":137,"column":11}},"type":"cond-expr","locations":[{"start":{"line":90,"column":12},"end":{"line":109,"column":15}},{"start":{"line":111,"column":12},"end":{"line":136,"column":15}}],"line":89},"3":{"loc":{"start":{"line":117,"column":19},"end":{"line":119,"column":36}},"type":"cond-expr","locations":[{"start":{"line":118,"column":22},"end":{"line":118,"column":48}},{"start":{"line":119,"column":22},"end":{"line":119,"column":36}}],"line":117}},"s":{"0":1,"1":6,"2":6,"3":6,"4":4,"5":4,"6":0,"7":6,"8":2,"9":2,"10":6,"11":0,"12":0,"13":0,"14":6,"15":0,"16":0,"17":0,"18":0,"19":0,"20":0},"f":{"0":6,"1":4,"2":2,"3":2,"4":0,"5":0,"6":0,"7":0,"8":0,"9":0,"10":0},"b":{"0":[0,4],"1":[1,5],"2":[6,0],"3":[0,0]},"_coverageSchema":"1a1c01bbd47fc00a2c39e90264f33305004495a9","hash":"2a5d60d719c3f0811518e841b173eb087e0f1efc"}
,"/home/etec/juan/Proyecto-Heladeria-Papus/src/components/NoFueEncontrado/NoFueEncontrado.jsx": {"path":"/home/etec/juan/Proyecto-Heladeria-Papus/src/components/NoFueEncontrado/NoFueEncontrado.jsx","statementMap":{"0":{"start":{"line":4,"column":2},"end":{"line":42,"column":4}}},"fnMap":{"0":{"name":"NotFound","decl":{"start":{"line":3,"column":9},"end":{"line":3,"column":17}},"loc":{"start":{"line":3,"column":20},"end":{"line":43,"column":1}},"line":3}},"branchMap":{},"s":{"0":0},"f":{"0":0},"b":{}}
,"/home/etec/juan/Proyecto-Heladeria-Papus/src/components/Nosotros/Nosotros.jsx": {"path":"/home/etec/juan/Proyecto-Heladeria-Papus/src/components/Nosotros/Nosotros.jsx","statementMap":{"0":{"start":{"line":4,"column":17},"end":{"line":77,"column":1}},"1":{"start":{"line":5,"column":2},"end":{"line":76,"column":4}}},"fnMap":{"0":{"name":"(anonymous_0)","decl":{"start":{"line":4,"column":17},"end":{"line":4,"column":18}},"loc":{"start":{"line":4,"column":23},"end":{"line":77,"column":1}},"line":4}},"branchMap":{},"s":{"0":0,"1":0},"f":{"0":0},"b":{}}
,"/home/etec/juan/Proyecto-Heladeria-Papus/src/components/PaypalButton/PaypalButton.jsx": {"path":"/home/etec/juan/Proyecto-Heladeria-Papus/src/components/PaypalButton/PaypalButton.jsx","statementMap":{"0":{"start":{"line":3,"column":21},"end":{"line":136,"column":1}},"1":{"start":{"line":9,"column":23},"end":{"line":9,"column":35}},"2":{"start":{"line":10,"column":20},"end":{"line":10,"column":32}},"3":{"start":{"line":12,"column":2},"end":{"line":133,"column":36}},"4":{"start":{"line":14,"column":20},"end":{"line":14,"column":24}},"5":{"start":{"line":15,"column":26},"end":{"line":15,"column":44}},"6":{"start":{"line":17,"column":26},"end":{"line":48,"column":5}},"7":{"start":{"line":18,"column":6},"end":{"line":18,"column":40}},"8":{"start":{"line":18,"column":33},"end":{"line":18,"column":40}},"9":{"start":{"line":20,"column":6},"end":{"line":20,"column":42}},"10":{"start":{"line":21,"column":6},"end":{"line":47,"column":7}},"11":{"start":{"line":22,"column":8},"end":{"line":44,"column":40}},"12":{"start":{"line":25,"column":26},"end":{"line":29,"column":16}},"13":{"start":{"line":30,"column":27},"end":{"line":30,"column":43}},"14":{"start":{"line":31,"column":14},"end":{"line":31,"column":61}},"15":{"start":{"line":34,"column":26},"end":{"line":39,"column":15}},"16":{"start":{"line":40,"column":30},"end":{"line":40,"column":46}},"17":{"start":{"line":41,"column":14},"end":{"line":41,"column":48}},"18":{"start":{"line":41,"column":29},"end":{"line":41,"column":48}},"19":{"start":{"line":46,"column":8},"end":{"line":46,"column":49}},"20":{"start":{"line":50,"column":17},"end":{"line":107,"column":5}},"21":{"start":{"line":52,"column":21},"end":{"line":52,"column":23}},"22":{"start":{"line":53,"column":6},"end":{"line":62,"column":7}},"23":{"start":{"line":54,"column":20},"end":{"line":54,"column":56}},"24":{"start":{"line":55,"column":21},"end":{"line":55,"column":37}},"25":{"start":{"line":56,"column":8},"end":{"line":56,"column":39}},"26":{"start":{"line":58,"column":8},"end":{"line":61,"column":10}},"27":{"start":{"line":64,"column":29},"end":{"line":66,"column":65}},"28":{"start":{"line":66,"column":20},"end":{"line":66,"column":64}},"29":{"start":{"line":68,"column":18},"end":{"line":68,"column":32}},"30":{"start":{"line":70,"column":6},"end":{"line":74,"column":7}},"31":{"start":{"line":72,"column":8},"end":{"line":72,"column":24}},"32":{"start":{"line":73,"column":8},"end":{"line":73,"column":15}},"33":{"start":{"line":76,"column":6},"end":{"line":90,"column":7}},"34":{"start":{"line":78,"column":8},"end":{"line":78,"column":43}},"35":{"start":{"line":79,"column":23},"end":{"line":82,"column":9}},"36":{"start":{"line":80,"column":10},"end":{"line":80,"column":33}},"37":{"start":{"line":80,"column":26},"end":{"line":80,"column":33}},"38":{"start":{"line":81,"column":10},"end":{"line":81,"column":26}},"39":{"start":{"line":83,"column":8},"end":{"line":83,"column":56}},"40":{"start":{"line":86,"column":8},"end":{"line":88,"column":15}},"41":{"start":{"line":87,"column":10},"end":{"line":87,"column":45}},"42":{"start":{"line":87,"column":29},"end":{"line":87,"column":45}},"43":{"start":{"line":89,"column":8},"end":{"line":89,"column":15}},"44":{"start":{"line":93,"column":21},"end":{"line":93,"column":53}},"45":{"start":{"line":94,"column":6},"end":{"line":94,"column":49}},"46":{"start":{"line":95,"column":6},"end":{"line":95,"column":89}},"47":{"start":{"line":96,"column":6},"end":{"line":96,"column":26}},"48":{"start":{"line":97,"column":6},"end":{"line":97,"column":33}},"49":{"start":{"line":98,"column":6},"end":{"line":98,"column":35}},"50":{"start":{"line":100,"column":25},"end":{"line":103,"column":7}},"51":{"start":{"line":101,"column":8},"end":{"line":101,"column":31}},"52":{"start":{"line":101,"column":24},"end":{"line":101,"column":31}},"53":{"start":{"line":102,"column":8},"end":{"line":102,"column":24}},"54":{"start":{"line":105,"column":6},"end":{"line":105,"column":50}},"55":{"start":{"line":106,"column":6},"end":{"line":106,"column":40}},"56":{"start":{"line":109,"column":4},"end":{"line":109,"column":11}},"57":{"start":{"line":111,"column":4},"end":{"line":132,"column":6}},"58":{"start":{"line":112,"column":6},"end":{"line":112,"column":24}},"59":{"start":{"line":114,"column":6},"end":{"line":118,"column":20}},"60":{"start":{"line":115,"column":8},"end":{"line":117,"column":9}},"61":{"start":{"line":116,"column":10},"end":{"line":116,"column":71}},"62":{"start":{"line":120,"column":6},"end":{"line":129,"column":20}},"63":{"start":{"line":121,"column":8},"end":{"line":128,"column":9}},"64":{"start":{"line":126,"column":10},"end":{"line":127,"column":72}},"65":{"start":{"line":127,"column":12},"end":{"line":127,"column":72}},"66":{"start":{"line":131,"column":6},"end":{"line":131,"column":68}},"67":{"start":{"line":131,"column":32},"end":{"line":131,"column":68}},"68":{"start":{"line":135,"column":2},"end":{"line":135,"column":69}}},"fnMap":{"0":{"name":"(anonymous_0)","decl":{"start":{"line":3,"column":21},"end":{"line":3,"column":22}},"loc":{"start":{"line":8,"column":6},"end":{"line":136,"column":1}},"line":8},"1":{"name":"(anonymous_1)","decl":{"start":{"line":12,"column":12},"end":{"line":12,"column":13}},"loc":{"start":{"line":12,"column":18},"end":{"line":133,"column":3}},"line":12},"2":{"name":"(anonymous_2)","decl":{"start":{"line":17,"column":26},"end":{"line":17,"column":27}},"loc":{"start":{"line":17,"column":38},"end":{"line":48,"column":5}},"line":17},"3":{"name":"(anonymous_3)","decl":{"start":{"line":24,"column":25},"end":{"line":24,"column":26}},"loc":{"start":{"line":24,"column":37},"end":{"line":32,"column":13}},"line":24},"4":{"name":"(anonymous_4)","decl":{"start":{"line":33,"column":23},"end":{"line":33,"column":24}},"loc":{"start":{"line":33,"column":39},"end":{"line":42,"column":13}},"line":33},"5":{"name":"(anonymous_5)","decl":{"start":{"line":50,"column":17},"end":{"line":50,"column":18}},"loc":{"start":{"line":50,"column":29},"end":{"line":107,"column":5}},"line":50},"6":{"name":"(anonymous_6)","decl":{"start":{"line":66,"column":13},"end":{"line":66,"column":14}},"loc":{"start":{"line":66,"column":20},"end":{"line":66,"column":64}},"line":66},"7":{"name":"(anonymous_7)","decl":{"start":{"line":79,"column":23},"end":{"line":79,"column":24}},"loc":{"start":{"line":79,"column":29},"end":{"line":82,"column":9}},"line":79},"8":{"name":"(anonymous_8)","decl":{"start":{"line":86,"column":19},"end":{"line":86,"column":20}},"loc":{"start":{"line":86,"column":25},"end":{"line":88,"column":9}},"line":86},"9":{"name":"(anonymous_9)","decl":{"start":{"line":100,"column":25},"end":{"line":100,"column":26}},"loc":{"start":{"line":100,"column":31},"end":{"line":103,"column":7}},"line":100},"10":{"name":"(anonymous_10)","decl":{"start":{"line":111,"column":11},"end":{"line":111,"column":12}},"loc":{"start":{"line":111,"column":17},"end":{"line":132,"column":5}},"line":111}},"branchMap":{"0":{"loc":{"start":{"line":4,"column":2},"end":{"line":4,"column":12}},"type":"default-arg","locations":[{"start":{"line":4,"column":11},"end":{"line":4,"column":12}}],"line":4},"1":{"loc":{"start":{"line":5,"column":2},"end":{"line":5,"column":18}},"type":"default-arg","locations":[{"start":{"line":5,"column":13},"end":{"line":5,"column":18}}],"line":5},"2":{"loc":{"start":{"line":18,"column":6},"end":{"line":18,"column":40}},"type":"if","locations":[{"start":{"line":18,"column":6},"end":{"line":18,"column":40}},{"start":{},"end":{}}],"line":18},"3":{"loc":{"start":{"line":31,"column":21},"end":{"line":31,"column":60}},"type":"binary-expr","locations":[{"start":{"line":31,"column":21},"end":{"line":31,"column":28}},{"start":{"line":31,"column":32},"end":{"line":31,"column":44}},{"start":{"line":31,"column":48},"end":{"line":31,"column":60}}],"line":31},"4":{"loc":{"start":{"line":35,"column":38},"end":{"line":35,"column":66}},"type":"binary-expr","locations":[{"start":{"line":35,"column":38},"end":{"line":35,"column":50}},{"start":{"line":35,"column":54},"end":{"line":35,"column":66}}],"line":35},"5":{"loc":{"start":{"line":41,"column":14},"end":{"line":41,"column":48}},"type":"if","locations":[{"start":{"line":41,"column":14},"end":{"line":41,"column":48}},{"start":{},"end":{}}],"line":41},"6":{"loc":{"start":{"line":56,"column":19},"end":{"line":56,"column":38}},"type":"binary-expr","locations":[{"start":{"line":56,"column":19},"end":{"line":56,"column":32}},{"start":{"line":56,"column":36},"end":{"line":56,"column":38}}],"line":56},"7":{"loc":{"start":{"line":66,"column":20},"end":{"line":66,"column":64}},"type":"binary-expr","locations":[{"start":{"line":66,"column":20},"end":{"line":66,"column":25}},{"start":{"line":66,"column":29},"end":{"line":66,"column":64}}],"line":66},"8":{"loc":{"start":{"line":68,"column":18},"end":{"line":68,"column":32}},"type":"binary-expr","locations":[{"start":{"line":68,"column":18},"end":{"line":68,"column":26}},{"start":{"line":68,"column":30},"end":{"line":68,"column":32}}],"line":68},"9":{"loc":{"start":{"line":70,"column":6},"end":{"line":74,"column":7}},"type":"if","locations":[{"start":{"line":70,"column":6},"end":{"line":74,"column":7}},{"start":{},"end":{}}],"line":70},"10":{"loc":{"start":{"line":76,"column":6},"end":{"line":90,"column":7}},"type":"if","locations":[{"start":{"line":76,"column":6},"end":{"line":90,"column":7}},{"start":{},"end":{}}],"line":76},"11":{"loc":{"start":{"line":80,"column":10},"end":{"line":80,"column":33}},"type":"if","locations":[{"start":{"line":80,"column":10},"end":{"line":80,"column":33}},{"start":{},"end":{}}],"line":80},"12":{"loc":{"start":{"line":87,"column":10},"end":{"line":87,"column":45}},"type":"if","locations":[{"start":{"line":87,"column":10},"end":{"line":87,"column":45}},{"start":{},"end":{}}],"line":87},"13":{"loc":{"start":{"line":101,"column":8},"end":{"line":101,"column":31}},"type":"if","locations":[{"start":{"line":101,"column":8},"end":{"line":101,"column":31}},{"start":{},"end":{}}],"line":101},"14":{"loc":{"start":{"line":115,"column":8},"end":{"line":117,"column":9}},"type":"if","locations":[{"start":{"line":115,"column":8},"end":{"line":117,"column":9}},{"start":{},"end":{}}],"line":115},"15":{"loc":{"start":{"line":121,"column":8},"end":{"line":128,"column":9}},"type":"if","locations":[{"start":{"line":121,"column":8},"end":{"line":128,"column":9}},{"start":{},"end":{}}],"line":121},"16":{"loc":{"start":{"line":122,"column":10},"end":{"line":124,"column":66}},"type":"binary-expr","locations":[{"start":{"line":122,"column":10},"end":{"line":122,"column":27}},{"start":{"line":123,"column":10},"end":{"line":123,"column":40}},{"start":{"line":124,"column":10},"end":{"line":124,"column":66}}],"line":122},"17":{"loc":{"start":{"line":126,"column":10},"end":{"line":127,"column":72}},"type":"if","locations":[{"start":{"line":126,"column":10},"end":{"line":127,"column":72}},{"start":{},"end":{}}],"line":126},"18":{"loc":{"start":{"line":131,"column":6},"end":{"line":131,"column":68}},"type":"if","locations":[{"start":{"line":131,"column":6},"end":{"line":131,"column":68}},{"start":{},"end":{}}],"line":131}},"s":{"0":2,"1":3,"2":3,"3":3,"4":3,"5":3,"6":3,"7":2,"8":0,"9":2,"10":2,"11":2,"12":1,"13":1,"14":1,"15":1,"16":1,"17":1,"18":1,"19":0,"20":3,"21":3,"22":3,"23":3,"24":3,"25":3,"26":0,"27":3,"28":0,"29":3,"30":3,"31":2,"32":2,"33":1,"34":0,"35":0,"36":0,"37":0,"38":0,"39":0,"40":0,"41":0,"42":0,"43":0,"44":1,"45":1,"46":1,"47":1,"48":1,"49":1,"50":1,"51":0,"52":0,"53":0,"54":1,"55":1,"56":3,"57":3,"58":3,"59":3,"60":3,"61":1,"62":3,"63":3,"64":1,"65":1,"66":3,"67":0,"68":3},"f":{"0":3,"1":3,"2":2,"3":1,"4":1,"5":3,"6":0,"7":0,"8":0,"9":0,"10":3},"b":{"0":[0],"1":[0],"2":[0,2],"3":[1,0,0],"4":[1,0],"5":[1,0],"6":[3,1],"7":[0,0],"8":[3,1],"9":[2,1],"10":[0,1],"11":[0,0],"12":[0,0],"13":[0,0],"14":[1,2],"15":[1,2],"16":[3,1,1],"17":[1,0],"18":[0,3]},"_coverageSchema":"1a1c01bbd47fc00a2c39e90264f33305004495a9","hash":"9a6f9ed75a15af7990a51b2a1cef911ee6e46a56"}
,"/home/etec/juan/Proyecto-Heladeria-Papus/src/components/Principal/Principal.jsx": {"path":"/home/etec/juan/Proyecto-Heladeria-Papus/src/components/Principal/Principal.jsx","statementMap":{"0":{"start":{"line":6,"column":18},"end":{"line":67,"column":1}},"1":{"start":{"line":7,"column":27},"end":{"line":7,"column":50}},"2":{"start":{"line":9,"column":2},"end":{"line":66,"column":4}}},"fnMap":{"0":{"name":"(anonymous_0)","decl":{"start":{"line":6,"column":18},"end":{"line":6,"column":19}},"loc":{"start":{"line":6,"column":24},"end":{"line":67,"column":1}},"line":6}},"branchMap":{"0":{"loc":{"start":{"line":21,"column":9},"end":{"line":30,"column":9}},"type":"cond-expr","locations":[{"start":{"line":22,"column":10},"end":{"line":27,"column":13}},{"start":{"line":29,"column":10},"end":{"line":29,"column":65}}],"line":21}},"s":{"0":0,"1":0,"2":0},"f":{"0":0},"b":{"0":[0,0]}}
,"/home/etec/juan/Proyecto-Heladeria-Papus/src/components/Productos/Productos.jsx": {"path":"/home/etec/juan/Proyecto-Heladeria-Papus/src/components/Productos/Productos.jsx","statementMap":{"0":{"start":{"line":17,"column":16},"end":{"line":52,"column":1}},"1":{"start":{"line":54,"column":18},"end":{"line":342,"column":1}},"2":{"start":{"line":55,"column":36},"end":{"line":55,"column":48}},"3":{"start":{"line":56,"column":32},"end":{"line":59,"column":4}},"4":{"start":{"line":57,"column":22},"end":{"line":57,"column":53}},"5":{"start":{"line":58,"column":4},"end":{"line":58,"column":50}},"6":{"start":{"line":60,"column":42},"end":{"line":60,"column":53}},"7":{"start":{"line":61,"column":29},"end":{"line":61,"column":30}},"8":{"start":{"line":62,"column":40},"end":{"line":62,"column":55}},"9":{"start":{"line":63,"column":19},"end":{"line":63,"column":32}},"10":{"start":{"line":65,"column":2},"end":{"line":76,"column":9}},"11":{"start":{"line":66,"column":4},"end":{"line":75,"column":75}},"12":{"start":{"line":67,"column":21},"end":{"line":67,"column":31}},"13":{"start":{"line":69,"column":32},"end":{"line":72,"column":11}},"14":{"start":{"line":69,"column":49},"end":{"line":72,"column":9}},"15":{"start":{"line":73,"column":8},"end":{"line":73,"column":38}},"16":{"start":{"line":75,"column":24},"end":{"line":75,"column":73}},"17":{"start":{"line":78,"column":22},"end":{"line":78,"column":61}},"18":{"start":{"line":79,"column":19},"end":{"line":79,"column":51}},"19":{"start":{"line":80,"column":28},"end":{"line":80,"column":66}},"20":{"start":{"line":81,"column":23},"end":{"line":81,"column":71}},"21":{"start":{"line":84,"column":2},"end":{"line":86,"column":16}},"22":{"start":{"line":85,"column":4},"end":{"line":85,"column":61}},"23":{"start":{"line":89,"column":2},"end":{"line":92,"column":23}},"24":{"start":{"line":90,"column":14},"end":{"line":90,"column":53}},"25":{"start":{"line":91,"column":4},"end":{"line":91,"column":74}},"26":{"start":{"line":95,"column":27},"end":{"line":104,"column":3}},"27":{"start":{"line":96,"c
[...]
:54}},"21":{"start":{"line":62,"column":29},"end":{"line":62,"column":53}},"22":{"start":{"line":73,"column":29},"end":{"line":73,"column":56}},"23":{"start":{"line":83,"column":29},"end":{"line":83,"column":51}}},"fnMap":{"0":{"name":"(anonymous_0)","decl":{"start":{"line":6,"column":21},"end":{"line":6,"column":22}},"loc":{"start":{"line":6,"column":27},"end":{"line":100,"column":1}},"line":6},"1":{"name":"(anonymous_1)","decl":{"start":{"line":14,"column":23},"end":{"line":14,"column":24}},"loc":{"start":{"line":14,"column":36},"end":{"line":40,"column":3}},"line":14},"2":{"name":"(anonymous_2)","decl":{"start":{"line":51,"column":22},"end":{"line":51,"column":23}},"loc":{"start":{"line":51,"column":29},"end":{"line":51,"column":54}},"line":51},"3":{"name":"(anonymous_3)","decl":{"start":{"line":62,"column":22},"end":{"line":62,"column":23}},"loc":{"start":{"line":62,"column":29},"end":{"line":62,"column":53}},"line":62},"4":{"name":"(anonymous_4)","decl":{"start":{"line":73,"column":22},"end":{"line":73,"column":23}},"loc":{"start":{"line":73,"column":29},"end":{"line":73,"column":56}},"line":73},"5":{"name":"(anonymous_5)","decl":{"start":{"line":83,"column":22},"end":{"line":83,"column":23}},"loc":{"start":{"line":83,"column":29},"end":{"line":83,"column":51}},"line":83}},"branchMap":{"0":{"loc":{"start":{"line":27,"column":6},"end":{"line":35,"column":7}},"type":"if","locations":[{"start":{"line":27,"column":6},"end":{"line":35,"column":7}},{"start":{"line":33,"column":13},"end":{"line":35,"column":7}}],"line":27},"1":{"loc":{"start":{"line":34,"column":17},"end":{"line":34,"column":53}},"type":"binary-expr","locations":[{"start":{"line":34,"column":17},"end":{"line":34,"column":27}},{"start":{"line":34,"column":31},"end":{"line":34,"column":53}}],"line":34},"2":{"loc":{"start":{"line":92,"column":9},"end":{"line":92,"column":57}},"type":"binary-expr","locations":[{"start":{"line":92,"column":9},"end":{"line":92,"column":14}},{"start":{"line":92,"column":18},"end":{"line":92,"column":57}}],"line":92}},"s":{"0":0,"1":0,"2":0,"3":0,"4":0,"5":0,"6":0,"7":0,"8":0,"9":0,"10":0,"11":0,"12":0,"13":0,"14":0,"15":0,"16":0,"17":0,"18":0,"19":0,"20":0,"21":0,"22":0,"23":0},"f":{"0":0,"1":0,"2":0,"3":0,"4":0,"5":0},"b":{"0":[0,0],"1":[0,0],"2":[0,0]}}
,"/home/etec/juan/Proyecto-Heladeria-Papus/src/components/Sabores/Sabores.jsx": {"path":"/home/etec/juan/Proyecto-Heladeria-Papus/src/components/Sabores/Sabores.jsx","statementMap":{"0":{"start":{"line":3,"column":16},"end":{"line":28,"column":1}},"1":{"start":{"line":4,"column":32},"end":{"line":4,"column":44}},"2":{"start":{"line":6,"column":25},"end":{"line":16,"column":3}},"3":{"start":{"line":7,"column":4},"end":{"line":15,"column":5}},"4":{"start":{"line":8,"column":23},"end":{"line":8,"column":59}},"5":{"start":{"line":9,"column":6},"end":{"line":9,"column":68}},"6":{"start":{"line":10,"column":19},"end":{"line":10,"column":40}},"7":{"start":{"line":11,"column":6},"end":{"line":11,"column":24}},"8":{"start":{"line":12,"column":6},"end":{"line":12,"column":23}},"9":{"start":{"line":14,"column":6},"end":{"line":14,"column":56}},"10":{"start":{"line":18,"column":2},"end":{"line":27,"column":4}},"11":{"start":{"line":23,"column":10},"end":{"line":23,"column":49}}},"fnMap":{"0":{"name":"(anonymous_0)","decl":{"start":{"line":3,"column":16},"end":{"line":3,"column":17}},"loc":{"start":{"line":3,"column":22},"end":{"line":28,"column":1}},"line":3},"1":{"name":"(anonymous_1)","decl":{"start":{"line":6,"column":25},"end":{"line":6,"column":26}},"loc":{"start":{"line":6,"column":37},"end":{"line":16,"column":3}},"line":6},"2":{"name":"(anonymous_2)","decl":{"start":{"line":22,"column":21},"end":{"line":22,"column":22}},"loc":{"start":{"line":23,"column":10},"end":{"line":23,"column":49}},"line":23}},"branchMap":{},"s":{"0":0,"1":0,"2":0,"3":0,"4":0,"5":0,"6":0,"7":0,"8":0,"9":0,"10":0,"11":0},"f":{"0":0,"1":0,"2":0},"b":{}}
,"/home/etec/juan/Proyecto-Heladeria-Papus/src/components/Sucursales/Sucursales.jsx": {"path":"/home/etec/juan/Proyecto-Heladeria-Papus/src/components/Sucursales/Sucursales.jsx","statementMap":{"0":{"start":{"line":5,"column":19},"end":{"line":137,"column":1}},"1":{"start":{"line":6,"column":19},"end":{"line":6,"column":32}},"2":{"start":{"line":7,"column":32},"end":{"line":7,"column":44}},"3":{"start":{"line":8,"column":32},"end":{"line":8,"column":46}},"4":{"start":{"line":9,"column":38},"end":{"line":9,"column":52}},"5":{"start":{"line":11,"column":2},"end":{"line":19,"column":9}},"6":{"start":{"line":12,"column":4},"end":{"line":18,"column":40}},"7":{"start":{"line":13,"column":21},"end":{"line":13,"column":31}},"8":{"start":{"line":15,"column":8},"end":{"line":15,"column":52}},"9":{"start":{"line":17,"column":19},"end":{"line":17,"column":33}},"10":{"start":{"line":18,"column":21},"end":{"line":18,"column":38}},"11":{"start":{"line":21,"column":23},"end":{"line":35,"column":3}},"12":{"start":{"line":22,"column":4},"end":{"line":26,"column":5}},"13":{"start":{"line":23,"column":6},"end":{"line":23,"column":64}},"14":{"start":{"line":25,"column":6},"end":{"line":25,"column":75}},"15":{"start":{"line":27,"column":4},"end":{"line":27,"column":36}},"16":{"start":{"line":29,"column":15},"end":{"line":31,"column":6}},"17":{"start":{"line":32,"column":4},"end":{"line":32,"column":29}},"18":{"start":{"line":34,"column":4},"end":{"line":34,"column":22}},"19":{"start":{"line":38,"column":46},"end":{"line":38,"column":60}},"20":{"start":{"line":39,"column":46},"end":{"line":39,"column":58}},"21":{"start":{"line":41,"column":26},"end":{"line":68,"column":3}},"22":{"start":{"line":42,"column":15},"end":{"line":42,"column":31}},"23":{"start":{"line":43,"column":4},"end":{"line":46,"column":5}},"24":{"start":{"line":44,"column":6},"end":{"line":44,"column":30}},"25":{"start":{"line":45,"column":6},"end":{"line":45,"column":13}},"26":{"start":{"line":49,"column":4},"end":{"line":52,"column":5}},"27":{"start":{"line":50,"column":6},"end":{"line":50,"column":28}},"28":{"start":{"line":51,"column":6},"end":{"line":51,"column":13}},"29":{"start":{"line":55,"column":4},"end":{"line":67,"column":9}},"30":{"start":{"line":56,"column":21},"end":{"line":56,"column":31}},"31":{"start":{"line":58,"column":8},"end":{"line":61,"column":12}},"32":{"start":{"line":58,"column":37},"end":{"line":61,"column":9}},"33":{"start":{"line":62,"column":8},"end":{"line":62,"column":30}},"34":{"start":{"line":65,"column":8},"end":{"line":65,"column":61}},"35":{"start":{"line":65,"column":37},"end":{"line":65,"column":58}},"36":{"start":{"line":66,"column":8},"end":{"line":66,"column":30}},"37":{"start":{"line":70,"column":2},"end":{"line":71,"column":73}},"38":{"start":{"line":71,"column":4},"end":{"line":71,"column":73}},"39":{"start":{"line":72,"column":2},"end":{"line":75,"column":6}},"40":{"start":{"line":73,"column":4},"end":{"line":75,"column":6}},"41":{"start":{"line":77,"column":2},"end":{"line":136,"column":4}},"42":{"start":{"line":82,"column":10},"end":{"line":132,"column":16}},"43":{"start":{"line":94,"column":33},"end":{"line":94,"column":48}},"44":{"start":{"line":100,"column":33},"end":{"line":100,"column":51}},"45":{"start":{"line":120,"column":22},"end":{"line":123,"column":27}}},"fnMap":{"0":{"name":"(anonymous_0)","decl":{"start":{"line":5,"column":19},"end":{"line":5,"column":20}},"loc":{"start":{"line":5,"column":25},"end":{"line":137,"column":1}},"line":5},"1":{"name":"(anonymous_1)","decl":{"start":{"line":11,"column":12},"end":{"line":11,"column":13}},"loc":{"start":{"line":11,"column":18},"end":{"line":19,"column":3}},"line":11},"2":{"name":"(anonymous_2)","decl":{"start":{"line":13,"column":12},"end":{"line":13,"column":13}},"loc":{"start":{"line":13,"column":21},"end":{"line":13,"column":31}},"line":13},"3":{"name":"(anonymous_3)","decl":{"start":{"line":14,"column":12},"end":{"line":14,"column":13}},"loc":{"start":{"line":14,"column":22},"end":{"line":16,"column":7}},"line":14},"4":{"name":"(anonymous_4)","decl":{"start":{"line":17,"column":13},"end":{"line":17,"column":14}},"loc":{"start":{"line":17,"column":19},"end":{"line":17,"column":33}},"line":17},"5":{"name":"(anonymous_5)","decl":{"start":{"line":18,"column":15},"end":{"line":18,"column":16}},"loc":{"start":{"line":18,"column":21},"end":{"line":18,"column":38}},"line":18},"6":{"name":"(anonymous_6)","decl":{"start":{"line":21,"column":23},"end":{"line":21,"column":24}},"loc":{"start":{"line":21,"column":35},"end":{"line":35,"column":3}},"line":21},"7":{"name":"(anonymous_7)","decl":{"start":{"line":41,"column":26},"end":{"line":41,"column":27}},"loc":{"start":{"line":41,"column":38},"end":{"line":68,"column":3}},"line":41},"8":{"name":"(anonymous_8)","decl":{"start":{"line":56,"column":12},"end":{"line":56,"column":13}},"loc":{"start":{"line":56,"column":21},"end":{"line":56,"column":31}},"line":56},"9":{"name":"(anonymous_9)","decl":{"start":{"line":57,"column":12},"end":{"line":57,"column":13}},"loc":{"start":{"line":57,"column":22},"end":{"line":63,"column":7}},"line":57},"10":{"name":"(anonymous_10)","decl":{"start":{"line":58,"column":26},"end":{"line":58,"column":27}},"loc":{"start":{"line":58,"column":37},"end":{"line":61,"column":9}},"line":58},"11":{"name":"(anonymous_11)","decl":{"start":{"line":64,"column":13},"end":{"line":64,"column":14}},"loc":{"start":{"line":64,"column":19},"end":{"line":67,"column":7}},"line":64},"12":{"name":"(anonymous_12)","decl":{"start":{"line":65,"column":26},"end":{"line":65,"column":27}},"loc":{"start":{"line":65,"column":37},"end":{"line":65,"column":58}},"line":65},"13":{"name":"(anonymous_13)","decl":{"start":{"line":81,"column":21},"end":{"line":81,"column":22}},"loc":{"start":{"line":82,"column":10},"end":{"line":132,"column":16}},"line":82},"14":{"name":"(anonymous_14)","decl":{"start":{"line":94,"column":27},"end":{"line":94,"column":28}},"loc":{"start":{"line":94,"column":33},"end":{"line":94,"column":48}},"line":94},"15":{"name":"(anonymous_15)","decl":{"start":{"line":100,"column":27},"end":{"line":100,"column":28}},"loc":{"start":{"line":100,"column":33},"end":{"line":100,"column":51}},"line":100},"16":{"name":"(anonymous_16)","decl":{"start":{"line":119,"column":61},"end":{"line":119,"column":62}},"loc":{"start":{"line":120,"column":22},"end":{"line":123,"column":27}},"line":120}},"branchMap":{"0":{"loc":{"start":{"line":15,"column":19},"end":{"line":15,"column":50}},"type":"cond-expr","locations":[{"start":{"line":15,"column":41},"end":{"line":15,"column":45}},{"start":{"line":15,"column":48},"end":{"line":15,"column":50}}],"line":15},"1":{"loc":{"start":{"line":22,"column":4},"end":{"line":26,"column":5}},"type":"if","locations":[{"start":{"line":22,"column":4},"end":{"line":26,"column":5}},{"start":{},"end":{}}],"line":22},"2":{"loc":{"start":{"line":22,"column":8},"end":{"line":22,"column":34}},"type":"binary-expr","locations":[{"start":{"line":22,"column":8},"end":{"line":22,"column":14}},{"start":{"line":22,"column":18},"end":{"line":22,"column":34}}],"line":22},"3":{"loc":{"start":{"line":43,"column":4},"end":{"line":46,"column":5}},"type":"if","locations":[{"start":{"line":43,"column":4},"end":{"line":46,"column":5}},{"start":{},"end":{}}],"line":43},"4":{"loc":{"start":{"line":49,"column":4},"end":{"line":52,"column":5}},"type":"if","locations":[{"start":{"line":49,"column":4},"end":{"line":52,"column":5}},{"start":{},"end":{}}],"line":49},"5":{"loc":{"start":{"line":60,"column":16},"end":{"line":60,"column":47}},"type":"cond-expr","locations":[{"start":{"line":60,"column":38},"end":{"line":60,"column":42}},{"start":{"line":60,"column":45},"end":{"line":60,"column":47}}],"line":60},"6":{"loc":{"start":{"line":70,"column":2},"end":{"line":71,"column":73}},"type":"if","locations":[{"start":{"line":70,"column":2},"end":{"line":71,"column":73}},{"start":{},"end":{}}],"line":70},"7":{"loc":{"start":{"line":72,"column":2},"end":{"line":75,"column":6}},"type":"if","locations":[{"start":{"line":72,"column":2},"end":{"line":75,"column":6}},{"start":{},"end":{}}],"line":72},"8":{"loc":{"start":{"line":86,"column":18},"end":{"line":86,"column":62}},"type":"cond-expr","locations":[{"start":{"line":86,"column":47},"end":{"line":86,"column":57}},{"start":{"line":86,"column":60},"end":{"line":86,"column":62}}],"line":86},"9":{"loc":{"start":{"line":102,"column":19},"end":{"line":104,"column":37}},"type":"cond-expr","locations":[{"start":{"line":103,"column":22},"end":{"line":103,"column":41}},{"start":{"line":104,"column":22},"end":{"line":104,"column":37}}],"line":102},"10":{"loc":{"start":{"line":109,"column":13},"end":{"line":131,"column":13}},"type":"binary-expr","locations":[{"start":{"line":109,"column":13},"end":{"line":109,"column":43}},{"start":{"line":110,"column":14},"end":{"line":130,"column":20}}],"line":109},"11":{"loc":{"start":{"line":119,"column":22},"end":{"line":119,"column":55}},"type":"binary-expr","locations":[{"start":{"line":119,"column":22},"end":{"line":119,"column":49}},{"start":{"line":119,"column":53},"end":{"line":119,"column":55}}],"line":119},"12":{"loc":{"start":{"line":128,"column":37},"end":{"line":128,"column":70}},"type":"binary-expr","locations":[{"start":{"line":128,"column":37},"end":{"line":128,"column":64}},{"start":{"line":128,"column":68},"end":{"line":128,"column":70}}],"line":128}},"s":{"0":0,"1":0,"2":0,"3":0,"4":0,"5":0,"6":0,"7":0,"8":0,"9":0,"10":0,"11":0,"12":0,"13":0,"14":0,"15":0,"16":0,"17":0,"18":0,"19":0,"20":0,"21":0,"22":0,"23":0,"24":0,"25":0,"26":0,"27":0,"28":0,"29":0,"30":0,"31":0,"32":0,"33":0,"34":0,"35":0,"36":0,"37":0,"38":0,"39":0,"40":0,"41":0,"42":0,"43":0,"44":0,"45":0},"f":{"0":0,"1":0,"2":0,"3":0,"4":0,"5":0,"6":0,"7":0,"8":0,"9":0,"10":0,"11":0,"12":0,"13":0,"14":0,"15":0,"16":0},"b":{"0":[0,0],"1":[0,0],"2":[0,0],"3":[0,0],"4":[0,0],"5":[0,0],"6":[0,0],"7":[0,0],"8":[0,0],"9":[0,0],"10":[0,0],"11":[0,0],"12":[0,0]}}
,"/home/etec/juan/Proyecto-Heladeria-Papus/src/pages/PanelAdmin.jsx": {"path":"/home/etec/juan/Proyecto-Heladeria-Papus/src/pages/PanelAdmin.jsx","statementMap":{"0":{"start":{"line":6,"column":16},"end":{"line":6,"column":40}},"1":{"start":{"line":8,"column":18},"end":{"line":99,"column":1}},"2":{"start":{"line":9,"column":19},"end":{"line":9,"column":42}},"3":{"start":{"line":10,"column":19},"end":{"line":10,"column":32}},"4":{"start":{"line":11,"column":34},"end":{"line":11,"column":46}},"5":{"start":{"line":12,"column":30},"end":{"line":12,"column":42}},"6":{"start":{"line":13,"column":36},"end":{"line":13,"column":48}},"7":{"start":{"line":16,"column":2},"end":{"line":21,"column":23}},"8":{"start":{"line":17,"column":4},"end":{"line":20,"column":5}},"9":{"start":{"line":18,"column":6},"end":{"line":18,"column":25}},"10":{"start":{"line":19,"column":6},"end":{"line":19,"column":13}},"11":{"start":{"line":23,"column":2},"end":{"line":31,"column":13}},"12":{"start":{"line":25,"column":4},"end":{"line":30,"column":5}},"13":{"start":{"line":26,"column":6},"end":{"line":29,"column":38}},"14":{"start":{"line":28,"column":23},"end":{"line":28,"column":44}},"15":{"start":{"line":29,"column":21},"end":{"line":29,"column":36}},"16":{"start":{"line":34,"column":28},"end":{"line":45,"column":35}},"17":{"start":{"line":35,"column":20},"end":{"line":35,"column":28}},"18":{"start":{"line":36,"column":4},"end":{"line":40,"column":5}},"19":{"start":{"line":37,"column":6},"end":{"line":39,"column":8}},"20":{"start":{"line":38,"column":8},"end":{"line":38,"column":61}},"21":{"start":{"line":41,"column":4},"end":{"line":43,"column":5}},"22":{"start":{"line":42,"column":6},"end":{"line":42,"column":63}},"23":{"start":{"line":42,"column":42},"end":{"line":42,"column":61}},"24":{"start":{"line":44,"column":4},"end":{"line":44,"column":21}},"25":{"start":{"line":47,"column":2},"end":{"line":49,"column":3}},"26":{"start":{"line":48,"column":4},"end":{"line":48,"column":54}},"27":{"start":{"line":51,"column":2},"end":{"line":98,"column":4}},"28":{"start":{"line":57,"column":25},"end":{"line":57,"column":50}},"29":{"start":{"line":63,"column":25},"end":{"line":63,"column":53}},"30":{"start":{"line":88,"column":12},"end":{"line":93,"column":17}}},"fnMap":{"0":{"name":"(anonymous_0)","decl":{"start":{"line":8,"column":18},"end":{"line":8,"column":19}},"loc":{"start":{"line":8,"column":24},"end":{"line":99,"column":1}},"line":8},"1":{"name":"(anonymous_1)","decl":{"start":{"line":16,"column":12},"end":{"line":16,"column":13}},"loc":{"start":{"line":16,"column":18},"end":{"line":21,"column":3}},"line":16},"2":{"name":"(anonymous_2)","decl":{"start":{"line":23,"column":12},"end":{"line":23,"column":13}},"loc":{"start":{"line":23,"column":18},"end":{"line":31,"column":3}},"line":23},"3":{"name":"(anonymous_3)","decl":{"start":{"line":28,"column":14},"end":{"line":28,"column":15}},"loc":{"start":{"line":28,"column":23},"end":{"line":28,"column":44}},"line":28},"4":{"name":"(anonymous_4)","decl":{"start":{"line":29,"column":15},"end":{"line":29,"column":16}},"loc":{"start":{"line":29,"column":21},"end":{"line":29,"column":36}},"line":29},"5":{"name":"(anonymous_5)","decl":{"start":{"line":34,"column":36},"end":{"line":34,"column":37}},"loc":{"start":{"line":34,"column":42},"end":{"line":45,"column":3}},"line":34},"6":{"name":"(anonymous_6)","decl":{"start":{"line":37,"column":35},"end":{"line":37,"column":36}},"loc":{"start":{"line":38,"column":8},"end":{"line":38,"column":61}},"line":38},"7":{"name":"(anonymous_7)","decl":{"start":{"line":42,"column":35},"end":{"line":42,"column":36}},"loc":{"start":{"line":42,"column":42},"end":{"line":42,"column":61}},"line":42},"8":{"name":"(anonymous_8)","decl":{"start":{"line":57,"column":18},"end":{"line":57,"column":19}},"loc":{"start":{"line":57,"column":25},"end":{"line":57,"column":50}},"line":57},"9":{"name":"(anonymous_9)","decl":{"start":{"line":63,"column":18},"end":{"line":63,"column":19}},"loc":{"start":{"line":63,"column":25},"end":{"line":63,"column":53}},"line":63},"10":{"name":"(anonymous_10)","decl":{"start":{"line":87,"column":33},"end":{"line":87,"column":34}},"loc":{"start":{"line":88,"column":12},"end":{"line":93,"column":17}},"line":88}},"branchMap":{"0":{"loc":{"start":{"line":17,"column":4},"end":{"line":20,"column":5}},"type":"if","locations":[{"start":{"line":17,"column":4},"end":{"line":20,"column":5}},{"start":{},"end":{}}],"line":17},"1":{"loc":{"start":{"line":25,"column":4},"end":{"line":30,"column":5}},"type":"if","locations":[{"start":{"line":25,"column":4},"end":{"line":30,"column":5}},{"start":{},"end":{}}],"line":25},"2":{"loc":{"start":{"line":25,"column":8},"end":{"line":25,"column":36}},"type":"binary-expr","locations":[{"start":{"line":25,"column":8},"end":{"line":25,"column":12}},{"start":{"line":25,"column":16},"end":{"line":25,"column":36}}],"line":25},"3":{"loc":{"start":{"line":36,"column":4},"end":{"line":40,"column":5}},"type":"if","locations":[{"start":{"line":36,"column":4},"end":{"line":40,"column":5}},{"start":{},"end":{}}],"line":36},"4":{"loc":{"start":{"line":41,"column":4},"end":{"line":43,"column":5}},"type":"if","locations":[{"start":{"line":41,"column":4},"end":{"line":43,"column":5}},{"start":{},"end":{}}],"line":41},"5":{"loc":{"start":{"line":47,"column":2},"end":{"line":49,"column":3}},"type":"if","locations":[{"start":{"line":47,"column":2},"end":{"line":49,"column":3}},{"start":{},"end":{}}],"line":47},"6":{"loc":{"start":{"line":47,"column":6},"end":{"line":47,"column":35}},"type":"binary-expr","locations":[{"start":{"line":47,"column":6},"end":{"line":47,"column":11}},{"start":{"line":47,"column":15},"end":{"line":47,"column":35}}],"line":47}},"s":{"0":0,"1":0,"2":0,"3":0,"4":0,"5":0,"6":0,"7":0,"8":0,"9":0,"10":0,"11":0,"12":0,"13":0,"14":0,"15":0,"16":0,"17":0,"18":0,"19":0,"20":0,"21":0,"22":0,"23":0,"24":0,"25":0,"26":0,"27":0,"28":0,"29":0,"30":0},"f":{"0":0,"1":0,"2":0,"3":0,"4":0,"5":0,"6":0,"7":0,"8":0,"9":0,"10":0},"b":{"0":[0,0],"1":[0,0],"2":[0,0],"3":[0,0],"4":[0,0],"5":[0,0],"6":[0,0]}}
}
