TN:
SF:src/App.jsx
FN:26,App
FNF:1
FNH:0
FNDA:0,App
DA:27,0
LF:1
LH:0
BRF:0
BRH:0
end_of_record
TN:
SF:src/components/BuscarSabores.jsx
FN:4,BuscarSabores
FN:11,(anonymous_1)
FN:15,(anonymous_2)
FN:22,(anonymous_3)
FN:33,(anonymous_4)
FN:41,(anonymous_5)
FNF:6
FNH:0
FNDA:0,BuscarSabores
FNDA:0,(anonymous_1)
FNDA:0,(anonymous_2)
FNDA:0,(anonymous_3)
FNDA:0,(anonymous_4)
FNDA:0,(anonymous_5)
DA:5,0
DA:6,0
DA:7,0
DA:11,0
DA:12,0
DA:13,0
DA:14,0
DA:15,0
DA:18,0
DA:22,0
DA:23,0
DA:24,0
DA:28,0
DA:33,0
DA:42,0
LF:15
LH:0
BRDA:8,0,0,0
BRDA:8,0,1,0
BRDA:12,1,0,0
BRDA:12,1,1,0
BRDA:13,2,0,0
BRDA:13,2,1,0
BRDA:23,3,0,0
BRDA:23,3,1,0
BRDA:38,4,0,0
BRDA:38,4,1,0
BRF:10
BRH:0
end_of_record
TN:
SF:src/components/Auth/Auth.jsx
FN:10,(anonymous_0)
FN:14,(anonymous_1)
FN:17,(anonymous_2)
FN:18,(anonymous_3)
FN:21,(anonymous_4)
FN:45,(anonymous_5)
FN:50,(anonymous_6)
FNF:7
FNH:0
FNDA:0,(anonymous_0)
FNDA:0,(anonymous_1)
FNDA:0,(anonymous_2)
FNDA:0,(anonymous_3)
FNDA:0,(anonymous_4)
FNDA:0,(anonymous_5)
FNDA:0,(anonymous_6)
DA:4,0
DA:6,0
DA:8,0
DA:10,0
DA:11,0
DA:14,0
DA:15,0
DA:17,0
DA:18,0
DA:21,0
DA:22,0
DA:23,0
DA:30,0
DA:31,0
DA:32,0
DA:33,0
DA:34,0
DA:35,0
DA:37,0
DA:40,0
DA:41,0
DA:45,0
DA:46,0
DA:47,0
DA:50,0
DA:51,0
DA:52,0
DA:60,0
DA:62,0
DA:63,0
DA:67,0
LF:31
LH:0
BRDA:30,0,0,0
BRDA:30,0,1,0
BRDA:62,1,0,0
BRDA:62,1,1,0
BRF:4
BRH:0
end_of_record
TN:
SF:src/components/ComentariosProducto/ComentariosProducto.jsx
FN:5,(anonymous_0)
FN:12,(anonymous_1)
FN:13,(anonymous_2)
FN:40,(anonymous_3)
FN:41,(anonymous_4)
FN:58,(anonymous_5)
FN:72,(anonymous_6)
FN:101,(anonymous_7)
FN:121,(anonymous_8)
FNF:9
FNH:5
FNDA:15,(anonymous_0)
FNDA:6,(anonymous_1)
FNDA:6,(anonymous_2)
FNDA:7,(anonymous_3)
FNDA:7,(anonymous_4)
FNDA:0,(anonymous_5)
FNDA:0,(anonymous_6)
FNDA:0,(anonymous_7)
FNDA:0,(anonymous_8)
DA:5,1
DA:6,15
DA:7,15
DA:8,15
DA:9,15
DA:12,15
DA:13,6
DA:14,6
DA:15,6
DA:19,6
DA:20,0
DA:22,0
DA:25,0
DA:27,6
DA:30,0
DA:32,6
DA:36,6
DA:40,15
DA:41,7
DA:42,7
DA:43,7
DA:44,7
DA:45,0
DA:46,0
DA:48,7
DA:51,0
DA:55,7
DA:58,15
DA:59,0
DA:61,0
DA:62,0
DA:69,0
DA:71,0
DA:72,0
DA:80,0
DA:81,0
DA:82,0
DA:85,0
DA:89,15
DA:102,0
DA:121,0
LF:41
LH:22
BRDA:19,0,0,0
BRDA:19,0,1,6
BRDA:22,1,0,0
BRDA:22,1,1,0
BRDA:44,2,0,0
BRDA:44,2,1,7
BRDA:55,3,0,7
BRDA:55,3,1,0
BRDA:59,4,0,0
BRDA:59,4,1,0
BRDA:71,5,0,0
BRDA:71,5,1,0
BRDA:71,6,0,0
BRDA:71,6,1,0
BRDA:81,7,0,0
BRDA:81,7,1,0
BRDA:93,8,0,6
BRDA:93,8,1,9
BRDA:98,9,0,9
BRDA:98,9,1,0
BRDA:116,10,0,0
BRDA:116,10,1,9
BRF:22
BRH:7
end_of_record
TN:
SF:src/components/HazTuHelado/HazTuHelado.jsx
FN:5,(anonymous_0)
FN:19,(anonymous_1)
FN:25,(anonymous_2)
FN:26,(anonymous_3)
FN:36,(anonymous_4)
FN:38,(anonymous_5)
FN:53,(anonymous_6)
FN:92,(anonymous_7)
FN:103,(anonymous_8)
FN:116,(anonymous_9)
FN:120,(anonymous_10)
FN:127,(anonymous_11)
FN:131,(anonymous_12)
FN:138,(anonymous_13)
FN:143,(anonymous_14)
FN:148,(anonymous_15)
FN:152,(anonymous_16)
FN:161,(anonymous_17)
FN:170,(anonymous_18)
FN:171,(anonymous_19)
FN:171,(anonymous_20)
FN:174,(anonymous_21)
FN:178,(anonymous_22)
FN:184,(anonymous_23)
FN:187,(anonymous_24)
FN:188,(anonymous_25)
FN:203,(anonymous_26)
FN:249,(anonymous_27)
FN:252,(anonymous_28)
FN:276,(anonymous_29)
FN:279,(anonymous_30)
FN:296,(anonymous_31)
FN:299,(anonymous_32)
FN:331,(anonymous_33)
FN:334,(anonymous_34)
FN:358,(anonymous_35)
FN:361,(anonymous_36)
FN:396,(anonymous_37)
FN:414,(anonymous_38)
FN:435,(anonymous_39)
FN:460,(anonymous_40)
FN:475,(anonymous_41)
FNF:42
FNH:0
FNDA:0,(anonymous_0)
FNDA:0,(anonymous_1)
FNDA:0,(anonymous_2)
FNDA:0,(anonymous_3)
FNDA:0,(anonymous_4)
FNDA:0,(anonymous_5)
FNDA:0,(anonymous_6)
FNDA:0,(anonymous_7)
FNDA:0,(anonymous_8)
FNDA:0,(anonymous_9)
FNDA:0,(anonymous_10)
FNDA:0,(anonymous_11)
FNDA:0,(anonymous_12)
FNDA:0,(anonymous_13)
FNDA:0,(anonymous_14)
FNDA:0,(anonymous_15)
FNDA:0,(anonymous_16)
FNDA:0,(anonymous_17)
FNDA:0,(anonymous_18)
FNDA:0,(anonymous_19)
FNDA:0,(anonymous_20)
FNDA:0,(anonymous_21)
FNDA:0,(anonymous_22)
FNDA:0,(anonymous_23)
FNDA:0,(anonymous_24)
FNDA:0,(anonymous_25)
FNDA:0,(anonymous_26)
FNDA:0,(anonymous_27)
FNDA:0,(anonymous_28)
FNDA:0,(anonymous_29)
FNDA:0,(anonymous_30)
FNDA:0,(anonymous_31)
FNDA:0,(anonymous_32)
FNDA:0,(anonymous_33)
FNDA:0,(anonymous_34)
FNDA:0,(anonymous_35)
FNDA:0,(anonymous_36)
FNDA:0,(anonymous_37)
FNDA:0,(anonymous_38)
FNDA:0,(anonymous_39)
FNDA:0,(anonymous_40)
FNDA:0,(anonymous_41)
DA:5,0
DA:6,0
DA:7,0
DA:8,0
DA:9,0
DA:10,0
DA:11,0
DA:12,0
DA:14,0
DA:15,0
DA:16,0
DA:17,0
DA:18,0
DA:19,0
DA:20,0
DA:21,0
DA:23,0
DA:25,0
DA:26,0
DA:27,0
DA:28,0
DA:36,0
DA:38,0
DA:39,0
DA:40,0
DA:44,0
DA:53,0
DA:55,0
DA:63,0
DA:70,0
DA:73,0
DA:74,0
DA:75,0
DA:76,0
DA:77,0
DA:79,0
DA:81,0
DA:82,0
DA:84,0
DA:88,0
DA:92,0
DA:93,0
DA:94,0
DA:95,0
DA:96,0
DA:97,0
DA:98,0
DA:99,0
DA:103,0
DA:104,0
DA:105,0
DA:106,0
DA:107,0
DA:109,0
DA:110,0
DA:111,0
DA:116,0
DA:117,0
DA:118,0
DA:119,0
DA:120,0
DA:121,0
DA:122,0
DA:127,0
DA:128,0
DA:129,0
DA:130,0
DA:131,0
DA:132,0
DA:133,0
DA:138,0
DA:139,0
DA:143,0
DA:144,0
DA:148,0
DA:149,0
DA:152,0
DA:153,0
DA:161,0
DA:163,0
DA:164,0
DA:165,0
DA:166,0
DA:167,0
DA:170,0
DA:171,0
DA:174,0
DA:175,0
DA:178,0
DA:180,0
DA:181,0
DA:182,0
DA:184,0
DA:187,0
DA:188,0
DA:191,0
DA:192,0
DA:199,0
DA:200,0
DA:203,0
DA:208,0
DA:250,0
DA:252,0
DA:277,0
DA:279,0
DA:297,0
DA:299,0
DA:332,0
DA:334,0
DA:359,0
DA:361,0
DA:397,0
DA:415,0
DA:416,0
DA:436,0
DA:460,0
DA:476,0
DA:480,0
LF:118
LH:0
BRDA:21,0,0,0
BRDA:21,0,1,0
BRDA:39,1,0,0
BRDA:39,1,1,0
BRDA:63,2,0,0
BRDA:63,2,1,0
BRDA:64,3,0,0
BRDA:64,3,1,0
BRDA:64,3,2,0
BRDA:64,3,3,0
BRDA:64,3,4,0
BRDA:94,4,0,0
BRDA:94,4,1,0
BRDA:95,5,0,0
BRDA:95,5,1,0
BRDA:95,6,0,0
BRDA:95,6,1,0
BRDA:96,7,0,0
BRDA:96,7,1,0
BRDA:97,8,0,0
BRDA:97,8,1,0
BRDA:98,9,0,0
BRDA:98,9,1,0
BRDA:104,10,0,0
BRDA:104,10,1,0
BRDA:119,11,0,0
BRDA:119,11,1,0
BRDA:121,12,0,0
BRDA:121,12,1,0
BRDA:130,13,0,0
BRDA:130,13,1,0
BRDA:132,14,0,0
BRDA:132,14,1,0
BRDA:139,15,0,0
BRDA:139,15,1,0
BRDA:144,16,0,0
BRDA:144,16,1,0
BRDA:180,17,0,0
BRDA:180,17,1,0
BRDA:180,18,0,0
BRDA:180,18,1,0
BRDA:181,19,0,0
BRDA:181,19,1,0
BRDA:181,20,0,0
BRDA:181,20,1,0
BRDA:191,21,0,0
BRDA:191,21,1,0
BRDA:199,22,0,0
BRDA:199,22,1,0
BRDA:226,23,0,0
BRDA:226,23,1,0
BRDA:227,24,0,0
BRDA:227,24,1,0
BRDA:228,25,0,0
BRDA:228,25,1,0
BRDA:229,26,0,0
BRDA:229,26,1,0
BRDA:230,27,0,0
BRDA:230,27,1,0
BRDA:237,28,0,0
BRDA:237,28,1,0
BRDA:238,29,0,0
BRDA:238,29,1,0
BRDA:239,30,0,0
BRDA:239,30,1,0
BRDA:240,31,0,0
BRDA:240,31,1,0
BRDA:241,32,0,0
BRDA:241,32,1,0
BRDA:246,33,0,0
BRDA:246,33,1,0
BRDA:254,34,0,0
BRDA:254,34,1,0
BRDA:270,35,0,0
BRDA:270,35,1,0
BRDA:281,36,0,0
BRDA:281,36,1,0
BRDA:284,37,0,0
BRDA:284,37,1,0
BRDA:301,38,0,0
BRDA:301,38,1,0
BRDA:306,39,0,0
BRDA:306,39,1,0
BRDA:327,40,0,0
BRDA:327,40,1,0
BRDA:336,41,0,0
BRDA:336,41,1,0
BRDA:354,42,0,0
BRDA:354,42,1,0
BRDA:363,43,0,0
BRDA:363,43,1,0
BRDA:381,44,0,0
BRDA:381,44,1,0
BRDA:393,45,0,0
BRDA:393,45,1,0
BRDA:401,46,0,0
BRDA:401,46,1,0
BRDA:404,47,0,0
BRDA:404,47,1,0
BRDA:431,48,0,0
BRDA:431,48,1,0
BRDA:470,49,0,0
BRDA:470,49,1,0
BRF:103
BRH:0
end_of_record
TN:
SF:src/components/Layouts/MainLayout.jsx
FN:5,(anonymous_0)
FN:10,(anonymous_1)
FN:19,(anonymous_2)
FN:20,(anonymous_3)
FN:26,(anonymous_4)
FN:31,(anonymous_5)
FN:42,(anonymous_6)
FNF:7
FNH:0
FNDA:0,(anonymous_0)
FNDA:0,(anonymous_1)
FNDA:0,(anonymous_2)
FNDA:0,(anonymous_3)
FNDA:0,(anonymous_4)
FNDA:0,(anonymous_5)
FNDA:0,(anonymous_6)
DA:5,0
DA:6,0
DA:10,0
DA:11,0
DA:12,0
DA:13,0
DA:14,0
DA:18,0
DA:19,0
DA:21,0
DA:22,0
DA:23,0
DA:31,0
DA:33,0
DA:34,0
DA:35,0
DA:38,0
DA:39,0
DA:41,0
DA:42,0
DA:45,0
LF:21
LH:0
BRDA:12,0,0,0
BRDA:12,0,1,0
BRDA:21,1,0,0
BRDA:21,1,1,0
BRDA:21,2,0,0
BRDA:21,2,1,0
BRDA:23,3,0,0
BRDA:23,3,1,0
BRDA:33,4,0,0
BRDA:33,4,1,0
BRDA:33,5,0,0
BRDA:33,5,1,0
BRDA:33,5,2,0
BRDA:39,6,0,0
BRDA:39,6,1,0
BRF:15
BRH:0
end_of_record
TN:
SF:src/components/Loading/Loading.jsx
FN:3,(anonymous_0)
FNF:1
FNH:0
FNDA:0,(anonymous_0)
DA:3,0
DA:4,0
LF:2
LH:0
BRDA:5,0,0,0
BRDA:5,0,1,0
BRF:2
BRH:0
end_of_record
TN:
SF:src/components/Loading/PageWithLoading.jsx
FN:5,(anonymous_0)
FN:10,(anonymous_1)
FN:18,(anonymous_2)
FN:26,(anonymous_3)
FN:37,(anonymous_4)
FNF:5
FNH:0
FNDA:0,(anonymous_0)
FNDA:0,(anonymous_1)
FNDA:0,(anonymous_2)
FNDA:0,(anonymous_3)
FNDA:0,(anonymous_4)
DA:5,0
DA:6,0
DA:7,0
DA:8,0
DA:10,0
DA:12,0
DA:13,0
DA:18,0
DA:19,0
DA:21,0
DA:23,0
DA:25,0
DA:26,0
DA:29,0
DA:34,0
DA:37,0
DA:38,0
DA:39,0
DA:43,0
LF:19
LH:0
BRDA:23,0,0,0
BRDA:23,0,1,0
BRDA:43,1,0,0
BRDA:43,1,1,0
BRF:4
BRH:0
end_of_record
TN:
SF:src/components/Login/Login.jsx
FN:6,(anonymous_0)
FN:13,(anonymous_1)
FN:26,(anonymous_2)
FN:32,(anonymous_3)
FNF:4
FNH:0
FNDA:0,(anonymous_0)
FNDA:0,(anonymous_1)
FNDA:0,(anonymous_2)
FNDA:0,(anonymous_3)
DA:6,0
DA:7,0
DA:8,0
DA:9,0
DA:10,0
DA:11,0
DA:13,0
DA:14,0
DA:15,0
DA:16,0
DA:17,0
DA:20,0
DA:26,0
DA:32,0
LF:14
LH:0
BRDA:16,0,0,0
BRDA:16,0,1,0
BRDA:35,1,0,0
BRDA:35,1,1,0
BRF:4
BRH:0
end_of_record
TN:
SF:src/components/Navbar/Navbar.jsx
FN:6,(anonymous_0)
FN:11,(anonymous_1)
FN:18,(anonymous_2)
FN:18,(anonymous_3)
FN:20,(anonymous_4)
FN:55,(anonymous_5)
FN:64,(anonymous_6)
FN:73,(anonymous_7)
FN:82,(anonymous_8)
FN:95,(anonymous_9)
FN:104,(anonymous_10)
FNF:11
FNH:4
FNDA:6,(anonymous_0)
FNDA:4,(anonymous_1)
FNDA:2,(anonymous_2)
FNDA:2,(anonymous_3)
FNDA:0,(anonymous_4)
FNDA:0,(anonymous_5)
FNDA:0,(anonymous_6)
FNDA:0,(anonymous_7)
FNDA:0,(anonymous_8)
FNDA:0,(anonymous_9)
FNDA:0,(anonymous_10)
DA:6,1
DA:7,6
DA:8,6
DA:11,6
DA:12,4
DA:13,4
DA:14,0
DA:18,6
DA:20,6
DA:21,0
DA:22,0
DA:23,0
DA:26,6
DA:55,0
DA:64,0
DA:73,0
DA:82,0
DA:95,0
DA:104,0
LF:19
LH:9
BRDA:13,0,0,0
BRDA:13,0,1,4
BRDA:50,1,0,1
BRDA:50,1,1,5
BRDA:89,2,0,6
BRDA:89,2,1,0
BRDA:117,3,0,0
BRDA:117,3,1,0
BRF:8
BRH:4
end_of_record
TN:
SF:src/components/NoFueEncontrado/NoFueEncontrado.jsx
FN:3,NotFound
FNF:1
FNH:0
FNDA:0,NotFound
DA:4,0
LF:1
LH:0
BRF:0
BRH:0
end_of_record
TN:
SF:src/components/Nosotros/Nosotros.jsx
FN:4,(anonymous_0)
FNF:1
FNH:0
FNDA:0,(anonymous_0)
DA:4,0
DA:5,0
LF:2
LH:0
BRF:0
BRH:0
end_of_record
TN:
SF:src/components/PaypalButton/PaypalButton.jsx
FN:3,(anonymous_0)
FN:12,(anonymous_1)
FN:17,(anonymous_2)
FN:24,(anonymous_3)
FN:33,(anonymous_4)
FN:50,(anonymous_5)
FN:66,(anonymous_6)
FN:79,(anonymous_7)
FN:86,(anonymous_8)
FN:100,(anonymous_9)
FN:111,(anonymous_10)
FNF:11
FNH:7
FNDA:3,(anonymous_0)
FNDA:3,(anonymous_1)
FNDA:2,(anonymous_2)
FNDA:1,(anonymous_3)
FNDA:1,(anonymous_4)
FNDA:3,(anonymous_5)
FNDA:0,(anonymous_6)
FNDA:0,(anonymous_7)
FNDA:0,(anonymous_8)
FNDA:0,(anonymous_9)
FNDA:3,(anonymous_10)
DA:3,2
DA:9,3
DA:10,3
DA:12,3
DA:14,3
DA:15,3
DA:17,3
DA:18,2
DA:20,2
DA:21,2
DA:22,2
DA:25,1
DA:30,1
DA:31,1
DA:34,1
DA:40,1
DA:41,1
DA:46,0
DA:50,3
DA:52,3
DA:53,3
DA:54,3
DA:55,3
DA:56,3
DA:58,0
DA:64,3
DA:66,0
DA:68,3
DA:70,3
DA:72,2
DA:73,2
DA:76,1
DA:78,0
DA:79,0
DA:80,0
DA:81,0
DA:83,0
DA:86,0
DA:87,0
DA:89,0
DA:93,1
DA:94,1
DA:95,1
DA:96,1
DA:97,1
DA:98,1
DA:100,1
DA:101,0
DA:102,0
DA:105,1
DA:106,1
DA:109,3
DA:111,3
DA:112,3
DA:114,3
DA:115,3
DA:116,1
DA:120,3
DA:121,3
DA:126,1
DA:127,1
DA:131,3
DA:135,3
LF:63
LH:50
BRDA:4,0,0,0
BRDA:5,1,0,0
BRDA:18,2,0,0
BRDA:18,2,1,2
BRDA:31,3,0,1
BRDA:31,3,1,0
BRDA:31,3,2,0
BRDA:35,4,0,1
BRDA:35,4,1,0
BRDA:41,5,0,1
BRDA:41,5,1,0
BRDA:56,6,0,3
BRDA:56,6,1,1
BRDA:66,7,0,0
BRDA:66,7,1,0
BRDA:68,8,0,3
BRDA:68,8,1,1
BRDA:70,9,0,2
BRDA:70,9,1,1
BRDA:76,10,0,0
BRDA:76,10,1,1
BRDA:80,11,0,0
BRDA:80,11,1,0
BRDA:87,12,0,0
BRDA:87,12,1,0
BRDA:101,13,0,0
BRDA:101,13,1,0
BRDA:115,14,0,1
BRDA:115,14,1,2
BRDA:121,15,0,1
BRDA:121,15,1,2
BRDA:122,16,0,3
BRDA:122,16,1,1
BRDA:122,16,2,1
BRDA:126,17,0,1
BRDA:126,17,1,0
BRDA:131,18,0,0
BRDA:131,18,1,3
BRF:38
BRH:20
end_of_record
TN:
SF:src/components/Principal/Principal.jsx
FN:6,(anonymous_0)
FNF:1
FNH:0
FNDA:0,(anonymous_0)
DA:6,0
DA:7,0
DA:9,0
LF:3
LH:0
BRDA:21,0,0,0
BRDA:21,0,1,0
BRF:2
BRH:0
end_of_record
TN:
SF:src/components/Productos/Productos.jsx
FN:54,(anonymous_0)
FN:56,(anonymous_1)
FN:65,(anonymous_2)
FN:67,(anonymous_3)
FN:68,(anonymous_4)
FN:69,(anonymous_5)
FN:75,(anonymous_6)
FN:84,(anonymous_7)
FN:89,(anonymous_8)
FN:95,(anonymous_9)
FN:96,(anonymous_10)
FN:97,(anonymous_11)
FN:99,(anonymous_12)
FN:106,(anonymous_13)
FN:107,(anonymous_14)
FN:109,(anonymous_15)
FN:112,(anonymous_16)
FN:117,(anonymous_17)
FN:135,(anonymous_18)
FN:137,(anonymous_19)
FN:145,(anonymous_20)
FN:158,(anonymous_21)
FN:162,(anonymous_22)
FN:176,(anonymous_23)
FN:186,(anonymous_24)
FN:206,(anonymous_25)
FN:219,(anonymous_26)
FN:228,(anonymous_27)
FN:228,(anonymous_28)
FN:241,(anonymous_29)
FN:242,(anonymous_30)
FN:252,(anonymous_31)
FN:294,(anonymous_32)
FN:302,(anonymous_33)
FN:307,(anonymous_34)
FN:320,(anonymous_35)
FNF:36
FNH:27
FNDA:19,(anonymous_0)
FNDA:6,(anonymous_1)
FNDA:6,(anonymous_2)
FNDA:6,(anonymous_3)
FNDA:6,(anonymous_4)
FNDA:42,(anonymous_5)
FNDA:0,(anonymous_6)
FNDA:11,(anonymous_7)
FNDA:9,(anonymous_8)
FNDA:4,(anonymous_9)
FNDA:4,(anonymous_10)
FNDA:1,(anonymous_11)
FNDA:1,(anonymous_12)
FNDA:1,(anonymous_13)
FNDA:1,(anonymous_14)
FNDA:1,(anonymous_15)
FNDA:1,(anonymous_16)
FNDA:0,(anonymous_17)
FNDA:11,(anonymous_18)
FNDA:5,(anonymous_19)
FNDA:1,(anonymous_20)
FNDA:9,(anonymous_21)
FNDA:1,(anonymous_22)
FNDA:0,(anonymous_23)
FNDA:73,(anonymous_24)
FNDA:4,(anonymous_25)
FNDA:0,(anonymous_26)
FNDA:0,(anonymous_27)
FNDA:0,(anonymous_28)
FNDA:1,(anonymous_29)
FNDA:1,(anonymous_30)
FNDA:0,(anonymous_31)
FNDA:1,(anonymous_32)
FNDA:1,(anonymous_33)
FNDA:0,(anonymous_34)
FNDA:0,(anonymous_35)
DA:17,1
DA:54,1
DA:55,19
DA:56,19
DA:57,6
DA:58,6
DA:60,19
DA:61,19
DA:62,19
DA:63,19
DA:65,19
DA:66,6
DA:67,6
DA:69,42
DA:73,6
DA:75,0
DA:78,19
DA:79,19
DA:80,19
DA:81,19
DA:84,19
DA:85,11
DA:89,19
DA:90,9
DA:91,9
DA:95,19
DA:96,4
DA:97,4
DA:98,4
DA:100,1
DA:106,19
DA:107,1
DA:108,1
DA:110,1
DA:112,1
DA:117,19
DA:119,0
DA:122,0
DA:126,0
DA:129,0
DA:130,0
DA:134,19
DA:136,11
DA:138,5
DA:145,1
DA:157,19
DA:159,9
DA:162,1
DA:170,19
DA:176,0
DA:187,73
DA:206,4
DA:219,0
DA:228,0
DA:242,1
DA:252,0
DA:294,1
DA:302,1
DA:308,0
DA:313,0
DA:320,0
LF:61
LH:48
BRDA:58,0,0,0
BRDA:58,0,1,6
BRDA:71,1,0,42
BRDA:71,1,1,0
BRDA:98,2,0,1
BRDA:98,2,1,3
BRDA:100,3,0,1
BRDA:100,3,1,0
BRDA:110,4,0,1
BRDA:110,4,1,0
BRDA:120,5,0,0
BRDA:120,5,1,0
BRDA:159,6,0,9
BRDA:159,6,1,3
BRDA:264,7,0,13
BRDA:264,7,1,6
BRDA:276,8,0,19
BRDA:276,8,1,1
BRDA:294,9,0,1
BRDA:294,9,1,0
BRDA:302,10,0,1
BRDA:302,10,1,0
BRDA:310,11,0,0
BRDA:310,11,1,0
BRDA:331,12,0,13
BRDA:331,12,1,6
BRF:26
BRH:16
end_of_record
TN:
SF:src/components/Register/Register.jsx
FN:6,(anonymous_0)
FN:14,(anonymous_1)
FN:51,(anonymous_2)
FN:62,(anonymous_3)
FN:73,(anonymous_4)
FN:83,(anonymous_5)
FNF:6
FNH:0
FNDA:0,(anonymous_0)
FNDA:0,(anonymous_1)
FNDA:0,(anonymous_2)
FNDA:0,(anonymous_3)
FNDA:0,(anonymous_4)
FNDA:0,(anonymous_5)
DA:6,0
DA:7,0
DA:8,0
DA:9,0
DA:10,0
DA:11,0
DA:12,0
DA:14,0
DA:15,0
DA:17,0
DA:18,0
DA:25,0
DA:27,0
DA:29,0
DA:31,0
DA:32,0
DA:34,0
DA:37,0
DA:38,0
DA:42,0
DA:51,0
DA:62,0
DA:73,0
DA:83,0
LF:24
LH:0
BRDA:27,0,0,0
BRDA:27,0,1,0
BRDA:34,1,0,0
BRDA:34,1,1,0
BRDA:92,2,0,0
BRDA:92,2,1,0
BRF:6
BRH:0
end_of_record
TN:
SF:src/components/Sabores/Sabores.jsx
FN:3,(anonymous_0)
FN:6,(anonymous_1)
FN:22,(anonymous_2)
FNF:3
FNH:0
FNDA:0,(anonymous_0)
FNDA:0,(anonymous_1)
FNDA:0,(anonymous_2)
DA:3,0
DA:4,0
DA:6,0
DA:7,0
DA:8,0
DA:9,0
DA:10,0
DA:11,0
DA:12,0
DA:14,0
DA:18,0
DA:23,0
LF:12
LH:0
BRF:0
BRH:0
end_of_record
TN:
SF:src/components/Sucursales/Sucursales.jsx
FN:5,(anonymous_0)
FN:11,(anonymous_1)
FN:13,(anonymous_2)
FN:14,(anonymous_3)
FN:17,(anonymous_4)
FN:18,(anonymous_5)
FN:21,(anonymous_6)
FN:41,(anonymous_7)
FN:56,(anonymous_8)
FN:57,(anonymous_9)
FN:58,(anonymous_10)
FN:64,(anonymous_11)
FN:65,(anonymous_12)
FN:81,(anonymous_13)
FN:94,(anonymous_14)
FN:100,(anonymous_15)
FN:119,(anonymous_16)
FNF:17
FNH:0
FNDA:0,(anonymous_0)
FNDA:0,(anonymous_1)
FNDA:0,(anonymous_2)
FNDA:0,(anonymous_3)
FNDA:0,(anonymous_4)
FNDA:0,(anonymous_5)
FNDA:0,(anonymous_6)
FNDA:0,(anonymous_7)
FNDA:0,(anonymous_8)
FNDA:0,(anonymous_9)
FNDA:0,(anonymous_10)
FNDA:0,(anonymous_11)
FNDA:0,(anonymous_12)
FNDA:0,(anonymous_13)
FNDA:0,(anonymous_14)
FNDA:0,(anonymous_15)
FNDA:0,(anonymous_16)
DA:5,0
DA:6,0
DA:7,0
DA:8,0
DA:9,0
DA:11,0
DA:12,0
DA:13,0
DA:15,0
DA:17,0
DA:18,0
DA:21,0
DA:22,0
DA:23,0
DA:25,0
DA:27,0
DA:29,0
DA:32,0
DA:34,0
DA:38,0
DA:39,0
DA:41,0
DA:42,0
DA:43,0
DA:44,0
DA:45,0
DA:49,0
DA:50,0
DA:51,0
DA:55,0
DA:56,0
DA:58,0
DA:62,0
DA:65,0
DA:66,0
DA:70,0
DA:71,0
DA:72,0
DA:73,0
DA:77,0
DA:82,0
DA:94,0
DA:100,0
DA:120,0
LF:44
LH:0
BRDA:15,0,0,0
BRDA:15,0,1,0
BRDA:22,1,0,0
BRDA:22,1,1,0
BRDA:22,2,0,0
BRDA:22,2,1,0
BRDA:43,3,0,0
BRDA:43,3,1,0
BRDA:49,4,0,0
BRDA:49,4,1,0
BRDA:60,5,0,0
BRDA:60,5,1,0
BRDA:70,6,0,0
BRDA:70,6,1,0
BRDA:72,7,0,0
BRDA:72,7,1,0
BRDA:86,8,0,0
BRDA:86,8,1,0
BRDA:102,9,0,0
BRDA:102,9,1,0
BRDA:109,10,0,0
BRDA:109,10,1,0
BRDA:119,11,0,0
BRDA:119,11,1,0
BRDA:128,12,0,0
BRDA:128,12,1,0
BRF:26
BRH:0
end_of_record
TN:
SF:src/pages/PanelAdmin.jsx
FN:8,(anonymous_0)
FN:16,(anonymous_1)
FN:23,(anonymous_2)
FN:28,(anonymous_3)
FN:29,(anonymous_4)
FN:34,(anonymous_5)
FN:37,(anonymous_6)
FN:42,(anonymous_7)
FN:57,(anonymous_8)
FN:63,(anonymous_9)
FN:87,(anonymous_10)
FNF:11
FNH:0
FNDA:0,(anonymous_0)
FNDA:0,(anonymous_1)
FNDA:0,(anonymous_2)
FNDA:0,(anonymous_3)
FNDA:0,(anonymous_4)
FNDA:0,(anonymous_5)
FNDA:0,(anonymous_6)
FNDA:0,(anonymous_7)
FNDA:0,(anonymous_8)
FNDA:0,(anonymous_9)
FNDA:0,(anonymous_10)
DA:6,0
DA:8,0
DA:9,0
DA:10,0
DA:11,0
DA:12,0
DA:13,0
DA:16,0
DA:17,0
DA:18,0
DA:19,0
DA:23,0
DA:25,0
DA:26,0
DA:28,0
DA:29,0
DA:34,0
DA:35,0
DA:36,0
DA:37,0
DA:38,0
DA:41,0
DA:42,0
DA:44,0
DA:47,0
DA:48,0
DA:51,0
DA:57,0
DA:63,0
DA:88,0
LF:30
LH:0
BRDA:17,0,0,0
BRDA:17,0,1,0
BRDA:25,1,0,0
BRDA:25,1,1,0
BRDA:25,2,0,0
BRDA:25,2,1,0
BRDA:36,3,0,0
BRDA:36,3,1,0
BRDA:41,4,0,0
BRDA:41,4,1,0
BRDA:47,5,0,0
BRDA:47,5,1,0
BRDA:47,6,0,0
BRDA:47,6,1,0
BRF:14
BRH:0
end_of_record
