TN:
SF:src/App.jsx
FN:25,App
FNF:1
FNH:0
FNDA:0,App
DA:26,0
LF:1
LH:0
BRF:0
BRH:0
end_of_record
TN:
SF:src/components/BuscarSabores.jsx
FN:4,BuscarSabores
FN:11,(anonymous_1)
FN:15,(anonymous_2)
FN:22,(anonymous_3)
FN:33,(anonymous_4)
FN:41,(anonymous_5)
FNF:6
FNH:0
FNDA:0,BuscarSabores
FNDA:0,(anonymous_1)
FNDA:0,(anonymous_2)
FNDA:0,(anonymous_3)
FNDA:0,(anonymous_4)
FNDA:0,(anonymous_5)
DA:5,0
DA:6,0
DA:7,0
DA:11,0
DA:12,0
DA:13,0
DA:14,0
DA:15,0
DA:18,0
DA:22,0
DA:23,0
DA:24,0
DA:28,0
DA:33,0
DA:42,0
LF:15
LH:0
BRDA:8,0,0,0
BRDA:8,0,1,0
BRDA:12,1,0,0
BRDA:12,1,1,0
BRDA:13,2,0,0
BRDA:13,2,1,0
BRDA:23,3,0,0
BRDA:23,3,1,0
BRDA:38,4,0,0
BRDA:38,4,1,0
BRF:10
BRH:0
end_of_record
TN:
SF:src/components/Auth/Auth.jsx
FN:10,(anonymous_0)
FN:14,(anonymous_1)
FN:17,(anonymous_2)
FN:18,(anonymous_3)
FN:21,(anonymous_4)
FN:38,(anonymous_5)
FN:43,(anonymous_6)
FNF:7
FNH:0
FNDA:0,(anonymous_0)
FNDA:0,(anonymous_1)
FNDA:0,(anonymous_2)
FNDA:0,(anonymous_3)
FNDA:0,(anonymous_4)
FNDA:0,(anonymous_5)
FNDA:0,(anonymous_6)
DA:4,0
DA:6,0
DA:8,0
DA:10,0
DA:11,0
DA:14,0
DA:15,0
DA:17,0
DA:18,0
DA:21,0
DA:22,0
DA:23,0
DA:28,0
DA:29,0
DA:30,0
DA:33,0
DA:35,0
DA:38,0
DA:39,0
DA:40,0
DA:43,0
DA:44,0
DA:45,0
DA:53,0
DA:55,0
DA:56,0
DA:60,0
LF:27
LH:0
BRDA:28,0,0,0
BRDA:28,0,1,0
BRDA:55,1,0,0
BRDA:55,1,1,0
BRF:4
BRH:0
end_of_record
TN:
SF:src/components/HazTuHelado/HazTuHelado.jsx
FN:5,(anonymous_0)
FN:19,(anonymous_1)
FN:25,(anonymous_2)
FN:26,(anonymous_3)
FN:36,(anonymous_4)
FN:38,(anonymous_5)
FN:53,(anonymous_6)
FN:92,(anonymous_7)
FN:103,(anonymous_8)
FN:116,(anonymous_9)
FN:120,(anonymous_10)
FN:127,(anonymous_11)
FN:131,(anonymous_12)
FN:138,(anonymous_13)
FN:143,(anonymous_14)
FN:148,(anonymous_15)
FN:152,(anonymous_16)
FN:161,(anonymous_17)
FN:170,(anonymous_18)
FN:171,(anonymous_19)
FN:171,(anonymous_20)
FN:174,(anonymous_21)
FN:178,(anonymous_22)
FN:184,(anonymous_23)
FN:187,(anonymous_24)
FN:188,(anonymous_25)
FN:203,(anonymous_26)
FN:249,(anonymous_27)
FN:252,(anonymous_28)
FN:276,(anonymous_29)
FN:279,(anonymous_30)
FN:296,(anonymous_31)
FN:299,(anonymous_32)
FN:331,(anonymous_33)
FN:334,(anonymous_34)
FN:358,(anonymous_35)
FN:361,(anonymous_36)
FN:396,(anonymous_37)
FN:414,(anonymous_38)
FN:435,(anonymous_39)
FN:460,(anonymous_40)
FN:475,(anonymous_41)
FNF:42
FNH:0
FNDA:0,(anonymous_0)
FNDA:0,(anonymous_1)
FNDA:0,(anonymous_2)
FNDA:0,(anonymous_3)
FNDA:0,(anonymous_4)
FNDA:0,(anonymous_5)
FNDA:0,(anonymous_6)
FNDA:0,(anonymous_7)
FNDA:0,(anonymous_8)
FNDA:0,(anonymous_9)
FNDA:0,(anonymous_10)
FNDA:0,(anonymous_11)
FNDA:0,(anonymous_12)
FNDA:0,(anonymous_13)
FNDA:0,(anonymous_14)
FNDA:0,(anonymous_15)
FNDA:0,(anonymous_16)
FNDA:0,(anonymous_17)
FNDA:0,(anonymous_18)
FNDA:0,(anonymous_19)
FNDA:0,(anonymous_20)
FNDA:0,(anonymous_21)
FNDA:0,(anonymous_22)
FNDA:0,(anonymous_23)
FNDA:0,(anonymous_24)
FNDA:0,(anonymous_25)
FNDA:0,(anonymous_26)
FNDA:0,(anonymous_27)
FNDA:0,(anonymous_28)
FNDA:0,(anonymous_29)
FNDA:0,(anonymous_30)
FNDA:0,(anonymous_31)
FNDA:0,(anonymous_32)
FNDA:0,(anonymous_33)
FNDA:0,(anonymous_34)
FNDA:0,(anonymous_35)
FNDA:0,(anonymous_36)
FNDA:0,(anonymous_37)
FNDA:0,(anonymous_38)
FNDA:0,(anonymous_39)
FNDA:0,(anonymous_40)
FNDA:0,(anonymous_41)
DA:5,0
DA:6,0
DA:7,0
DA:8,0
DA:9,0
DA:10,0
DA:11,0
DA:12,0
DA:14,0
DA:15,0
DA:16,0
DA:17,0
DA:18,0
DA:19,0
DA:20,0
DA:21,0
DA:23,0
DA:25,0
DA:26,0
DA:27,0
DA:28,0
DA:36,0
DA:38,0
DA:39,0
DA:40,0
DA:44,0
DA:53,0
DA:55,0
DA:63,0
DA:70,0
DA:73,0
DA:74,0
DA:75,0
DA:76,0
DA:77,0
DA:79,0
DA:81,0
DA:82,0
DA:84,0
DA:88,0
DA:92,0
DA:93,0
DA:94,0
DA:95,0
DA:96,0
DA:97,0
DA:98,0
DA:99,0
DA:103,0
DA:104,0
DA:105,0
DA:106,0
DA:107,0
DA:109,0
DA:110,0
DA:111,0
DA:116,0
DA:117,0
DA:118,0
DA:119,0
DA:120,0
DA:121,0
DA:122,0
DA:127,0
DA:128,0
DA:129,0
DA:130,0
DA:131,0
DA:132,0
DA:133,0
DA:138,0
DA:139,0
DA:143,0
DA:144,0
DA:148,0
DA:149,0
DA:152,0
DA:153,0
DA:161,0
DA:163,0
DA:164,0
DA:165,0
DA:166,0
DA:167,0
DA:170,0
DA:171,0
DA:174,0
DA:175,0
DA:178,0
DA:180,0
DA:181,0
DA:182,0
DA:184,0
DA:187,0
DA:188,0
DA:191,0
DA:192,0
DA:199,0
DA:200,0
DA:203,0
DA:208,0
DA:250,0
DA:252,0
DA:277,0
DA:279,0
DA:297,0
DA:299,0
DA:332,0
DA:334,0
DA:359,0
DA:361,0
DA:397,0
DA:415,0
DA:416,0
DA:436,0
DA:460,0
DA:476,0
DA:480,0
LF:118
LH:0
BRDA:21,0,0,0
BRDA:21,0,1,0
BRDA:39,1,0,0
BRDA:39,1,1,0
BRDA:63,2,0,0
BRDA:63,2,1,0
BRDA:64,3,0,0
BRDA:64,3,1,0
BRDA:64,3,2,0
BRDA:64,3,3,0
BRDA:64,3,4,0
BRDA:94,4,0,0
BRDA:94,4,1,0
BRDA:95,5,0,0
BRDA:95,5,1,0
BRDA:95,6,0,0
BRDA:95,6,1,0
BRDA:96,7,0,0
BRDA:96,7,1,0
BRDA:97,8,0,0
BRDA:97,8,1,0
BRDA:98,9,0,0
BRDA:98,9,1,0
BRDA:104,10,0,0
BRDA:104,10,1,0
BRDA:119,11,0,0
BRDA:119,11,1,0
BRDA:121,12,0,0
BRDA:121,12,1,0
BRDA:130,13,0,0
BRDA:130,13,1,0
BRDA:132,14,0,0
BRDA:132,14,1,0
BRDA:139,15,0,0
BRDA:139,15,1,0
BRDA:144,16,0,0
BRDA:144,16,1,0
BRDA:180,17,0,0
BRDA:180,17,1,0
BRDA:180,18,0,0
BRDA:180,18,1,0
BRDA:181,19,0,0
BRDA:181,19,1,0
BRDA:181,20,0,0
BRDA:181,20,1,0
BRDA:191,21,0,0
BRDA:191,21,1,0
BRDA:199,22,0,0
BRDA:199,22,1,0
BRDA:226,23,0,0
BRDA:226,23,1,0
BRDA:227,24,0,0
BRDA:227,24,1,0
BRDA:228,25,0,0
BRDA:228,25,1,0
BRDA:229,26,0,0
BRDA:229,26,1,0
BRDA:230,27,0,0
BRDA:230,27,1,0
BRDA:237,28,0,0
BRDA:237,28,1,0
BRDA:238,29,0,0
BRDA:238,29,1,0
BRDA:239,30,0,0
BRDA:239,30,1,0
BRDA:240,31,0,0
BRDA:240,31,1,0
BRDA:241,32,0,0
BRDA:241,32,1,0
BRDA:246,33,0,0
BRDA:246,33,1,0
BRDA:254,34,0,0
BRDA:254,34,1,0
BRDA:270,35,0,0
BRDA:270,35,1,0
BRDA:281,36,0,0
BRDA:281,36,1,0
BRDA:284,37,0,0
BRDA:284,37,1,0
BRDA:301,38,0,0
BRDA:301,38,1,0
BRDA:306,39,0,0
BRDA:306,39,1,0
BRDA:327,40,0,0
BRDA:327,40,1,0
BRDA:336,41,0,0
BRDA:336,41,1,0
BRDA:354,42,0,0
BRDA:354,42,1,0
BRDA:363,43,0,0
BRDA:363,43,1,0
BRDA:381,44,0,0
BRDA:381,44,1,0
BRDA:393,45,0,0
BRDA:393,45,1,0
BRDA:401,46,0,0
BRDA:401,46,1,0
BRDA:404,47,0,0
BRDA:404,47,1,0
BRDA:431,48,0,0
BRDA:431,48,1,0
BRDA:470,49,0,0
BRDA:470,49,1,0
BRF:103
BRH:0
end_of_record
TN:
SF:src/components/Layouts/MainLayout.jsx
FN:4,(anonymous_0)
FNF:1
FNH:0
FNDA:0,(anonymous_0)
DA:4,0
DA:5,0
LF:2
LH:0
BRF:0
BRH:0
end_of_record
TN:
SF:src/components/Loading/Loading.jsx
FN:3,(anonymous_0)
FNF:1
FNH:1
FNDA:4,(anonymous_0)
DA:3,2
DA:4,4
LF:2
LH:2
BRDA:5,0,0,2
BRDA:5,0,1,2
BRF:2
BRH:2
end_of_record
TN:
SF:src/components/Loading/PageWithLoading.jsx
FN:5,(anonymous_0)
FN:10,(anonymous_1)
FN:18,(anonymous_2)
FN:26,(anonymous_3)
FN:37,(anonymous_4)
FNF:5
FNH:5
FNDA:3,(anonymous_0)
FNDA:1,(anonymous_1)
FNDA:1,(anonymous_2)
FNDA:1,(anonymous_3)
FNDA:1,(anonymous_4)
DA:5,1
DA:6,3
DA:7,3
DA:8,3
DA:10,3
DA:12,1
DA:13,1
DA:18,1
DA:19,1
DA:21,1
DA:23,1
DA:25,1
DA:26,1
DA:29,0
DA:34,1
DA:37,1
DA:38,1
DA:39,1
DA:43,3
LF:19
LH:18
BRDA:23,0,0,1
BRDA:23,0,1,0
BRDA:43,1,0,2
BRDA:43,1,1,1
BRF:4
BRH:3
end_of_record
TN:
SF:src/components/Login/Login.jsx
FN:5,(anonymous_0)
FN:12,(anonymous_1)
FN:25,(anonymous_2)
FN:31,(anonymous_3)
FNF:4
FNH:0
FNDA:0,(anonymous_0)
FNDA:0,(anonymous_1)
FNDA:0,(anonymous_2)
FNDA:0,(anonymous_3)
DA:5,0
DA:6,0
DA:7,0
DA:8,0
DA:9,0
DA:10,0
DA:12,0
DA:13,0
DA:14,0
DA:15,0
DA:16,0
DA:19,0
DA:25,0
DA:31,0
LF:14
LH:0
BRDA:15,0,0,0
BRDA:15,0,1,0
BRDA:34,1,0,0
BRDA:34,1,1,0
BRF:4
BRH:0
end_of_record
TN:
SF:src/components/Navbar/Navbar.jsx
FN:6,(anonymous_0)
FN:10,(anonymous_1)
FN:10,(anonymous_2)
FN:41,(anonymous_3)
FN:56,(anonymous_4)
FN:65,(anonymous_5)
FN:80,(anonymous_6)
FNF:7
FNH:3
FNDA:6,(anonymous_0)
FNDA:2,(anonymous_1)
FNDA:2,(anonymous_2)
FNDA:0,(anonymous_3)
FNDA:0,(anonymous_4)
FNDA:0,(anonymous_5)
FNDA:0,(anonymous_6)
DA:6,1
DA:7,6
DA:10,6
DA:12,6
DA:41,0
DA:56,0
DA:65,0
DA:80,0
LF:8
LH:4
BRDA:36,0,0,1
BRDA:36,0,1,5
BRF:2
BRH:2
end_of_record
TN:
SF:src/components/NoFueEncontrado/NoFueEncontrado.jsx
FN:3,NotFound
FNF:1
FNH:0
FNDA:0,NotFound
DA:4,0
LF:1
LH:0
BRF:0
BRH:0
end_of_record
TN:
SF:src/components/Nosotros/Nosotros.jsx
FN:4,(anonymous_0)
FNF:1
FNH:0
FNDA:0,(anonymous_0)
DA:4,0
DA:5,0
LF:2
LH:0
BRF:0
BRH:0
end_of_record
TN:
SF:src/components/PaypalButton/PaypalButton.jsx
FN:3,(anonymous_0)
FN:12,(anonymous_1)
FN:17,(anonymous_2)
FN:24,(anonymous_3)
FN:33,(anonymous_4)
FN:50,(anonymous_5)
FN:66,(anonymous_6)
FN:79,(anonymous_7)
FN:86,(anonymous_8)
FN:100,(anonymous_9)
FN:111,(anonymous_10)
FNF:11
FNH:0
FNDA:0,(anonymous_0)
FNDA:0,(anonymous_1)
FNDA:0,(anonymous_2)
FNDA:0,(anonymous_3)
FNDA:0,(anonymous_4)
FNDA:0,(anonymous_5)
FNDA:0,(anonymous_6)
FNDA:0,(anonymous_7)
FNDA:0,(anonymous_8)
FNDA:0,(anonymous_9)
FNDA:0,(anonymous_10)
DA:3,0
DA:9,0
DA:10,0
DA:12,0
DA:14,0
DA:15,0
DA:17,0
DA:18,0
DA:20,0
DA:21,0
DA:22,0
DA:25,0
DA:30,0
DA:31,0
DA:34,0
DA:40,0
DA:41,0
DA:46,0
DA:50,0
DA:52,0
DA:53,0
DA:54,0
DA:55,0
DA:56,0
DA:58,0
DA:64,0
DA:66,0
DA:68,0
DA:70,0
DA:72,0
DA:73,0
DA:76,0
DA:78,0
DA:79,0
DA:80,0
DA:81,0
DA:83,0
DA:86,0
DA:87,0
DA:89,0
DA:93,0
DA:94,0
DA:95,0
DA:96,0
DA:97,0
DA:98,0
DA:100,0
DA:101,0
DA:102,0
DA:105,0
DA:106,0
DA:109,0
DA:111,0
DA:112,0
DA:114,0
DA:115,0
DA:116,0
DA:120,0
DA:121,0
DA:126,0
DA:127,0
DA:131,0
DA:135,0
LF:63
LH:0
BRDA:4,0,0,0
BRDA:5,1,0,0
BRDA:18,2,0,0
BRDA:18,2,1,0
BRDA:31,3,0,0
BRDA:31,3,1,0
BRDA:31,3,2,0
BRDA:35,4,0,0
BRDA:35,4,1,0
BRDA:41,5,0,0
BRDA:41,5,1,0
BRDA:56,6,0,0
BRDA:56,6,1,0
BRDA:66,7,0,0
BRDA:66,7,1,0
BRDA:68,8,0,0
BRDA:68,8,1,0
BRDA:70,9,0,0
BRDA:70,9,1,0
BRDA:76,10,0,0
BRDA:76,10,1,0
BRDA:80,11,0,0
BRDA:80,11,1,0
BRDA:87,12,0,0
BRDA:87,12,1,0
BRDA:101,13,0,0
BRDA:101,13,1,0
BRDA:115,14,0,0
BRDA:115,14,1,0
BRDA:121,15,0,0
BRDA:121,15,1,0
BRDA:122,16,0,0
BRDA:122,16,1,0
BRDA:122,16,2,0
BRDA:126,17,0,0
BRDA:126,17,1,0
BRDA:131,18,0,0
BRDA:131,18,1,0
BRF:38
BRH:0
end_of_record
TN:
SF:src/components/Principal/Principal.jsx
FN:6,(anonymous_0)
FNF:1
FNH:0
FNDA:0,(anonymous_0)
DA:6,0
DA:7,0
DA:9,0
LF:3
LH:0
BRDA:21,0,0,0
BRDA:21,0,1,0
BRF:2
BRH:0
end_of_record
TN:
SF:src/components/Productos/Productos.jsx
FN:51,(anonymous_0)
FN:53,(anonymous_1)
FN:62,(anonymous_2)
FN:64,(anonymous_3)
FN:65,(anonymous_4)
FN:66,(anonymous_5)
FN:72,(anonymous_6)
FN:81,(anonymous_7)
FN:86,(anonymous_8)
FN:92,(anonymous_9)
FN:93,(anonymous_10)
FN:94,(anonymous_11)
FN:96,(anonymous_12)
FN:103,(anonymous_13)
FN:104,(anonymous_14)
FN:106,(anonymous_15)
FN:109,(anonymous_16)
FN:114,(anonymous_17)
FN:132,(anonymous_18)
FN:134,(anonymous_19)
FN:142,(anonymous_20)
FN:155,(anonymous_21)
FN:159,(anonymous_22)
FN:173,(anonymous_23)
FN:183,(anonymous_24)
FN:203,(anonymous_25)
FN:216,(anonymous_26)
FN:225,(anonymous_27)
FN:225,(anonymous_28)
FN:238,(anonymous_29)
FN:239,(anonymous_30)
FN:249,(anonymous_31)
FN:291,(anonymous_32)
FN:299,(anonymous_33)
FN:304,(anonymous_34)
FN:317,(anonymous_35)
FNF:36
FNH:0
FNDA:0,(anonymous_0)
FNDA:0,(anonymous_1)
FNDA:0,(anonymous_2)
FNDA:0,(anonymous_3)
FNDA:0,(anonymous_4)
FNDA:0,(anonymous_5)
FNDA:0,(anonymous_6)
FNDA:0,(anonymous_7)
FNDA:0,(anonymous_8)
FNDA:0,(anonymous_9)
FNDA:0,(anonymous_10)
FNDA:0,(anonymous_11)
FNDA:0,(anonymous_12)
FNDA:0,(anonymous_13)
FNDA:0,(anonymous_14)
FNDA:0,(anonymous_15)
FNDA:0,(anonymous_16)
FNDA:0,(anonymous_17)
FNDA:0,(anonymous_18)
FNDA:0,(anonymous_19)
FNDA:0,(anonymous_20)
FNDA:0,(anonymous_21)
FNDA:0,(anonymous_22)
FNDA:0,(anonymous_23)
FNDA:0,(anonymous_24)
FNDA:0,(anonymous_25)
FNDA:0,(anonymous_26)
FNDA:0,(anonymous_27)
FNDA:0,(anonymous_28)
FNDA:0,(anonymous_29)
FNDA:0,(anonymous_30)
FNDA:0,(anonymous_31)
FNDA:0,(anonymous_32)
FNDA:0,(anonymous_33)
FNDA:0,(anonymous_34)
FNDA:0,(anonymous_35)
DA:14,0
DA:51,0
DA:52,0
DA:53,0
DA:54,0
DA:55,0
DA:57,0
DA:58,0
DA:59,0
DA:60,0
DA:62,0
DA:63,0
DA:64,0
DA:66,0
DA:70,0
DA:72,0
DA:75,0
DA:76,0
DA:77,0
DA:78,0
DA:81,0
DA:82,0
DA:86,0
DA:87,0
DA:88,0
DA:92,0
DA:93,0
DA:94,0
DA:95,0
DA:97,0
DA:103,0
DA:104,0
DA:105,0
DA:107,0
DA:109,0
DA:114,0
DA:116,0
DA:119,0
DA:123,0
DA:126,0
DA:127,0
DA:131,0
DA:133,0
DA:135,0
DA:142,0
DA:154,0
DA:156,0
DA:159,0
DA:167,0
DA:173,0
DA:184,0
DA:203,0
DA:216,0
DA:225,0
DA:239,0
DA:249,0
DA:291,0
DA:299,0
DA:305,0
DA:310,0
DA:317,0
LF:61
LH:0
BRDA:55,0,0,0
BRDA:55,0,1,0
BRDA:68,1,0,0
BRDA:68,1,1,0
BRDA:95,2,0,0
BRDA:95,2,1,0
BRDA:97,3,0,0
BRDA:97,3,1,0
BRDA:107,4,0,0
BRDA:107,4,1,0
BRDA:117,5,0,0
BRDA:117,5,1,0
BRDA:156,6,0,0
BRDA:156,6,1,0
BRDA:261,7,0,0
BRDA:261,7,1,0
BRDA:273,8,0,0
BRDA:273,8,1,0
BRDA:291,9,0,0
BRDA:291,9,1,0
BRDA:299,10,0,0
BRDA:299,10,1,0
BRDA:307,11,0,0
BRDA:307,11,1,0
BRF:24
BRH:0
end_of_record
TN:
SF:src/components/Register/Register.jsx
FN:4,(anonymous_0)
FN:9,(anonymous_1)
FN:24,(anonymous_2)
FN:34,(anonymous_3)
FN:44,(anonymous_4)
FNF:5
FNH:0
FNDA:0,(anonymous_0)
FNDA:0,(anonymous_1)
FNDA:0,(anonymous_2)
FNDA:0,(anonymous_3)
FNDA:0,(anonymous_4)
DA:4,0
DA:5,0
DA:6,0
DA:7,0
DA:9,0
DA:10,0
DA:12,0
DA:15,0
DA:24,0
DA:34,0
DA:44,0
LF:11
LH:0
BRF:0
BRH:0
end_of_record
TN:
SF:src/components/Sabores/Sabores.jsx
FN:3,(anonymous_0)
FN:6,(anonymous_1)
FN:22,(anonymous_2)
FNF:3
FNH:0
FNDA:0,(anonymous_0)
FNDA:0,(anonymous_1)
FNDA:0,(anonymous_2)
DA:3,0
DA:4,0
DA:6,0
DA:7,0
DA:8,0
DA:9,0
DA:10,0
DA:11,0
DA:12,0
DA:14,0
DA:18,0
DA:23,0
LF:12
LH:0
BRF:0
BRH:0
end_of_record
TN:
SF:src/pages/PanelAdmin.jsx
FN:8,(anonymous_0)
FN:16,(anonymous_1)
FN:23,(anonymous_2)
FN:28,(anonymous_3)
FN:29,(anonymous_4)
FN:34,(anonymous_5)
FN:37,(anonymous_6)
FN:42,(anonymous_7)
FN:57,(anonymous_8)
FN:63,(anonymous_9)
FN:87,(anonymous_10)
FNF:11
FNH:0
FNDA:0,(anonymous_0)
FNDA:0,(anonymous_1)
FNDA:0,(anonymous_2)
FNDA:0,(anonymous_3)
FNDA:0,(anonymous_4)
FNDA:0,(anonymous_5)
FNDA:0,(anonymous_6)
FNDA:0,(anonymous_7)
FNDA:0,(anonymous_8)
FNDA:0,(anonymous_9)
FNDA:0,(anonymous_10)
DA:6,0
DA:8,0
DA:9,0
DA:10,0
DA:11,0
DA:12,0
DA:13,0
DA:16,0
DA:17,0
DA:18,0
DA:19,0
DA:23,0
DA:25,0
DA:26,0
DA:28,0
DA:29,0
DA:34,0
DA:35,0
DA:36,0
DA:37,0
DA:38,0
DA:41,0
DA:42,0
DA:44,0
DA:47,0
DA:48,0
DA:51,0
DA:57,0
DA:63,0
DA:88,0
LF:30
LH:0
BRDA:17,0,0,0
BRDA:17,0,1,0
BRDA:25,1,0,0
BRDA:25,1,1,0
BRDA:25,2,0,0
BRDA:25,2,1,0
BRDA:36,3,0,0
BRDA:36,3,1,0
BRDA:41,4,0,0
BRDA:41,4,1,0
BRDA:47,5,0,0
BRDA:47,5,1,0
BRDA:47,6,0,0
BRDA:47,6,1,0
BRF:14
BRH:0
end_of_record
